[2017-01-25 12:24:26] myapp.INFO: Matched route "GET_". {"route_parameters":{"_controller":"Itb\\MainController::indexAction","_route":"GET_"},"request_uri":"http://localhost:8888/"} []
[2017-01-25 12:24:26] myapp.INFO: > GET / [] []
[2017-01-25 12:24:27] myapp.INFO: < 200 [] []
[2017-01-25 12:24:27] myapp.INFO: Matched route "GET_". {"route_parameters":{"_controller":"Itb\\MainController::indexAction","_route":"GET_"},"request_uri":"http://localhost:8888/"} []
[2017-01-25 12:24:27] myapp.INFO: > GET / [] []
[2017-01-25 12:24:27] myapp.INFO: < 200 [] []
[2017-01-25 12:24:29] myapp.INFO: Matched route "GET_login". {"route_parameters":{"_controller":"Itb\\LoginController::loginAction","_route":"GET_login"},"request_uri":"http://localhost:8888/login"} []
[2017-01-25 12:24:29] myapp.INFO: > GET /login [] []
[2017-01-25 12:24:29] myapp.CRITICAL: Twig_Error_Loader: Template "login.html.twig" is not defined. (uncaught exception) at /Users/matt/Library/Mobile Documents/com~apple~CloudDocs/91_UNITS/UNITS_web_server/unit_27_MVC_C_controller/1_code/examples/silex-06-routes-from-yaml/vendor/twig/twig/lib/Twig/Loader/Chain.php line 86 {"exception":"[object] (Twig_Error_Loader(code: 0): Template \"login.html.twig\" is not defined. at /Users/matt/Library/Mobile Documents/com~apple~CloudDocs/91_UNITS/UNITS_web_server/unit_27_MVC_C_controller/1_code/examples/silex-06-routes-from-yaml/vendor/twig/twig/lib/Twig/Loader/Chain.php:86)"} []
[2017-01-25 12:24:29] myapp.INFO: < 500 [] []
[2017-01-25 12:24:45] myapp.INFO: Matched route "GET_login". {"route_parameters":{"_controller":"Itb\\LoginController::loginAction","_route":"GET_login"},"request_uri":"http://localhost:8888/login"} []
[2017-01-25 12:24:45] myapp.INFO: > GET /login [] []
[2017-01-25 12:24:45] myapp.INFO: < 200 [] []
[2017-01-25 12:24:47] myapp.ERROR: Symfony\Component\HttpKernel\Exception\NotFoundHttpException: No route found for "POST /processLogin" (from "http://localhost:8888/login") (uncaught exception) at /Users/matt/Library/Mobile Documents/com~apple~CloudDocs/91_UNITS/UNITS_web_server/unit_27_MVC_C_controller/1_code/examples/silex-06-routes-from-yaml/vendor/symfony/http-kernel/EventListener/RouterListener.php line 159 {"exception":"[object] (Symfony\\Component\\HttpKernel\\Exception\\NotFoundHttpException(code: 0): No route found for \"POST /processLogin\" (from \"http://localhost:8888/login\") at /Users/matt/Library/Mobile Documents/com~apple~CloudDocs/91_UNITS/UNITS_web_server/unit_27_MVC_C_controller/1_code/examples/silex-06-routes-from-yaml/vendor/symfony/http-kernel/EventListener/RouterListener.php:159, Symfony\\Component\\Routing\\Exception\\ResourceNotFoundException(code: 0): No routes found for \"/processLogin\". at /Users/matt/Library/Mobile Documents/com~apple~CloudDocs/91_UNITS/UNITS_web_server/unit_27_MVC_C_controller/1_code/examples/silex-06-routes-from-yaml/vendor/symfony/routing/Matcher/UrlMatcher.php:102)"} []
[2017-01-25 12:24:47] myapp.INFO: < 404 [] []
[2017-01-25 12:25:48] myapp.DEBUG: adding get route / [] []
[2017-01-25 12:25:48] myapp.DEBUG: adding get route /about [] []
[2017-01-25 12:25:48] myapp.DEBUG: adding get route /hello/{name} [] []
[2017-01-25 12:25:48] myapp.DEBUG: adding get route /hello/ [] []
[2017-01-25 12:25:48] myapp.DEBUG: adding get route /login [] []
[2017-01-25 12:25:48] myapp.INFO: Matched route "GET_". {"route_parameters":{"_controller":"\\Itb\\MainController::indexAction","_route":"GET_"},"request_uri":"http://localhost:8888/"} []
[2017-01-25 12:25:48] myapp.INFO: > GET / [] []
[2017-01-25 12:25:48] myapp.INFO: < 200 [] []
[2017-01-25 12:25:50] myapp.DEBUG: adding get route / [] []
[2017-01-25 12:25:50] myapp.DEBUG: adding get route /about [] []
[2017-01-25 12:25:50] myapp.DEBUG: adding get route /hello/{name} [] []
[2017-01-25 12:25:50] myapp.DEBUG: adding get route /hello/ [] []
[2017-01-25 12:25:50] myapp.DEBUG: adding get route /login [] []
[2017-01-25 12:25:50] myapp.ERROR: Symfony\Component\HttpKernel\Exception\NotFoundHttpException: No route found for "GET /contact" (uncaught exception) at /Users/matt/Library/Mobile Documents/com~apple~CloudDocs/91_UNITS/UNITS_web_server/unit_27_MVC_C_controller/1_code/examples/silex-06-routes-from-yaml/vendor/symfony/http-kernel/EventListener/RouterListener.php line 159 {"exception":"[object] (Symfony\\Component\\HttpKernel\\Exception\\NotFoundHttpException(code: 0): No route found for \"GET /contact\" at /Users/matt/Library/Mobile Documents/com~apple~CloudDocs/91_UNITS/UNITS_web_server/unit_27_MVC_C_controller/1_code/examples/silex-06-routes-from-yaml/vendor/symfony/http-kernel/EventListener/RouterListener.php:159, Symfony\\Component\\Routing\\Exception\\ResourceNotFoundException(code: 0): No routes found for \"/contact\". at /Users/matt/Library/Mobile Documents/com~apple~CloudDocs/91_UNITS/UNITS_web_server/unit_27_MVC_C_controller/1_code/examples/silex-06-routes-from-yaml/vendor/symfony/routing/Matcher/UrlMatcher.php:102)"} []
[2017-01-25 12:25:50] myapp.INFO: < 404 [] []
[2017-01-25 12:25:58] myapp.DEBUG: adding get route / [] []
[2017-01-25 12:25:58] myapp.DEBUG: adding get route /about [] []
[2017-01-25 12:25:58] myapp.DEBUG: adding get route /hello/{name} [] []
[2017-01-25 12:25:58] myapp.DEBUG: adding get route /hello/ [] []
[2017-01-25 12:25:58] myapp.DEBUG: adding get route /login [] []
[2017-01-25 12:25:58] myapp.INFO: Matched route "GET_about". {"route_parameters":{"_controller":"\\Itb\\MainController::aboutAction","_route":"GET_about"},"request_uri":"http://localhost:8888/about"} []
[2017-01-25 12:25:58] myapp.INFO: > GET /about [] []
[2017-01-25 12:25:58] myapp.CRITICAL: InvalidArgumentException: Controller "\Itb\MainController::aboutAction" for URI "/about" is not callable. (uncaught exception) at /Users/matt/Library/Mobile Documents/com~apple~CloudDocs/91_UNITS/UNITS_web_server/unit_27_MVC_C_controller/1_code/examples/silex-06-routes-from-yaml/vendor/symfony/http-kernel/Controller/ControllerResolver.php line 83 {"exception":"[object] (InvalidArgumentException(code: 0): Controller \"\\Itb\\MainController::aboutAction\" for URI \"/about\" is not callable. at /Users/matt/Library/Mobile Documents/com~apple~CloudDocs/91_UNITS/UNITS_web_server/unit_27_MVC_C_controller/1_code/examples/silex-06-routes-from-yaml/vendor/symfony/http-kernel/Controller/ControllerResolver.php:83)"} []
[2017-01-25 12:25:58] myapp.INFO: < 500 [] []
[2017-01-25 12:26:02] myapp.DEBUG: adding get route / [] []
[2017-01-25 12:26:02] myapp.DEBUG: adding get route /about [] []
[2017-01-25 12:26:02] myapp.DEBUG: adding get route /hello/{name} [] []
[2017-01-25 12:26:02] myapp.DEBUG: adding get route /hello/ [] []
[2017-01-25 12:26:02] myapp.DEBUG: adding get route /login [] []
[2017-01-25 12:26:02] myapp.INFO: Matched route "n/a". {"route_parameters":{"_controller":"[object] (Closure: {})","_route":null,"url":"/hello/"},"request_uri":"http://localhost:8888/hello"} []
[2017-01-25 12:26:02] myapp.INFO: > GET /hello [] []
[2017-01-25 12:26:02] myapp.INFO: < 301 /hello/ [] []
[2017-01-25 12:26:02] myapp.DEBUG: adding get route / [] []
[2017-01-25 12:26:02] myapp.DEBUG: adding get route /about [] []
[2017-01-25 12:26:02] myapp.DEBUG: adding get route /hello/{name} [] []
[2017-01-25 12:26:02] myapp.DEBUG: adding get route /hello/ [] []
[2017-01-25 12:26:02] myapp.DEBUG: adding get route /login [] []
[2017-01-25 12:26:02] myapp.INFO: Matched route "GET_hello_". {"route_parameters":{"_controller":"\\Itb\\HelloController::indexAction","_route":"GET_hello_"},"request_uri":"http://localhost:8888/hello/"} []
[2017-01-25 12:26:02] myapp.INFO: > GET /hello/ [] []
[2017-01-25 12:26:02] myapp.INFO: < 200 [] []
[2017-01-25 12:26:04] myapp.DEBUG: adding get route / [] []
[2017-01-25 12:26:04] myapp.DEBUG: adding get route /about [] []
[2017-01-25 12:26:04] myapp.DEBUG: adding get route /hello/{name} [] []
[2017-01-25 12:26:04] myapp.DEBUG: adding get route /hello/ [] []
[2017-01-25 12:26:04] myapp.DEBUG: adding get route /login [] []
[2017-01-25 12:26:04] myapp.INFO: Matched route "GET_hello_name". {"route_parameters":{"_controller":"\\Itb\\HelloController::helloAction","name":"sdf","_route":"GET_hello_name"},"request_uri":"http://localhost:8888/hello/sdf"} []
[2017-01-25 12:26:04] myapp.INFO: > GET /hello/sdf [] []
[2017-01-25 12:26:04] myapp.CRITICAL: InvalidArgumentException: Controller "\Itb\HelloController::helloAction" for URI "/hello/sdf" is not callable. (uncaught exception) at /Users/matt/Library/Mobile Documents/com~apple~CloudDocs/91_UNITS/UNITS_web_server/unit_27_MVC_C_controller/1_code/examples/silex-06-routes-from-yaml/vendor/symfony/http-kernel/Controller/ControllerResolver.php line 83 {"exception":"[object] (InvalidArgumentException(code: 0): Controller \"\\Itb\\HelloController::helloAction\" for URI \"/hello/sdf\" is not callable. at /Users/matt/Library/Mobile Documents/com~apple~CloudDocs/91_UNITS/UNITS_web_server/unit_27_MVC_C_controller/1_code/examples/silex-06-routes-from-yaml/vendor/symfony/http-kernel/Controller/ControllerResolver.php:83)"} []
[2017-01-25 12:26:04] myapp.INFO: < 500 [] []
[2017-01-25 12:26:25] myapp.DEBUG: adding get route / [] []
[2017-01-25 12:26:25] myapp.DEBUG: adding get route /contact [] []
[2017-01-25 12:26:25] myapp.DEBUG: adding get route /hello/{name} [] []
[2017-01-25 12:26:25] myapp.DEBUG: adding get route /hello/ [] []
[2017-01-25 12:26:25] myapp.DEBUG: adding get route /login [] []
[2017-01-25 12:26:25] myapp.INFO: Matched route "GET_". {"route_parameters":{"_controller":"\\Itb\\MainController::indexAction","_route":"GET_"},"request_uri":"http://localhost:8888/"} []
[2017-01-25 12:26:25] myapp.INFO: > GET / [] []
[2017-01-25 12:26:25] myapp.INFO: < 200 [] []
[2017-01-25 12:26:27] myapp.DEBUG: adding get route / [] []
[2017-01-25 12:26:27] myapp.DEBUG: adding get route /contact [] []
[2017-01-25 12:26:27] myapp.DEBUG: adding get route /hello/{name} [] []
[2017-01-25 12:26:27] myapp.DEBUG: adding get route /hello/ [] []
[2017-01-25 12:26:27] myapp.DEBUG: adding get route /login [] []
[2017-01-25 12:26:27] myapp.INFO: Matched route "GET_contact". {"route_parameters":{"_controller":"\\Itb\\MainController::contactAction","_route":"GET_contact"},"request_uri":"http://localhost:8888/contact"} []
[2017-01-25 12:26:27] myapp.INFO: > GET /contact [] []
[2017-01-25 12:26:27] myapp.INFO: < 200 [] []
[2017-01-25 12:26:30] myapp.DEBUG: adding get route / [] []
[2017-01-25 12:26:30] myapp.DEBUG: adding get route /contact [] []
[2017-01-25 12:26:30] myapp.DEBUG: adding get route /hello/{name} [] []
[2017-01-25 12:26:30] myapp.DEBUG: adding get route /hello/ [] []
[2017-01-25 12:26:30] myapp.DEBUG: adding get route /login [] []
[2017-01-25 12:26:31] myapp.INFO: Matched route "n/a". {"route_parameters":{"_controller":"[object] (Closure: {})","_route":null,"url":"/hello/"},"request_uri":"http://localhost:8888/hello"} []
[2017-01-25 12:26:31] myapp.INFO: > GET /hello [] []
[2017-01-25 12:26:31] myapp.INFO: < 301 /hello/ [] []
[2017-01-25 12:26:31] myapp.DEBUG: adding get route / [] []
[2017-01-25 12:26:31] myapp.DEBUG: adding get route /contact [] []
[2017-01-25 12:26:31] myapp.DEBUG: adding get route /hello/{name} [] []
[2017-01-25 12:26:31] myapp.DEBUG: adding get route /hello/ [] []
[2017-01-25 12:26:31] myapp.DEBUG: adding get route /login [] []
[2017-01-25 12:26:31] myapp.INFO: Matched route "GET_hello_". {"route_parameters":{"_controller":"\\Itb\\HelloController::indexAction","_route":"GET_hello_"},"request_uri":"http://localhost:8888/hello/"} []
[2017-01-25 12:26:31] myapp.INFO: > GET /hello/ [] []
[2017-01-25 12:26:31] myapp.INFO: < 200 [] []
[2017-01-25 12:26:34] myapp.DEBUG: adding get route / [] []
[2017-01-25 12:26:34] myapp.DEBUG: adding get route /contact [] []
[2017-01-25 12:26:34] myapp.DEBUG: adding get route /hello/{name} [] []
[2017-01-25 12:26:34] myapp.DEBUG: adding get route /hello/ [] []
[2017-01-25 12:26:34] myapp.DEBUG: adding get route /login [] []
[2017-01-25 12:26:34] myapp.INFO: Matched route "GET_login". {"route_parameters":{"_controller":"\\Itb\\LoginController::loginAction","_route":"GET_login"},"request_uri":"http://localhost:8888/login"} []
[2017-01-25 12:26:34] myapp.INFO: > GET /login [] []
[2017-01-25 12:26:34] myapp.INFO: < 200 [] []
[2017-01-25 12:26:38] myapp.DEBUG: adding get route / [] []
[2017-01-25 12:26:38] myapp.DEBUG: adding get route /contact [] []
[2017-01-25 12:26:38] myapp.DEBUG: adding get route /hello/{name} [] []
[2017-01-25 12:26:38] myapp.DEBUG: adding get route /hello/ [] []
[2017-01-25 12:26:38] myapp.DEBUG: adding get route /login [] []
[2017-01-25 12:26:38] myapp.INFO: Matched route "GET_hello_name". {"route_parameters":{"_controller":"\\Itb\\HelloController::helloAction","name":"sdf","_route":"GET_hello_name"},"request_uri":"http://localhost:8888/hello/sdf"} []
[2017-01-25 12:26:38] myapp.INFO: > GET /hello/sdf [] []
[2017-01-25 12:26:38] myapp.CRITICAL: InvalidArgumentException: Controller "\Itb\HelloController::helloAction" for URI "/hello/sdf" is not callable. (uncaught exception) at /Users/matt/Library/Mobile Documents/com~apple~CloudDocs/91_UNITS/UNITS_web_server/unit_27_MVC_C_controller/1_code/examples/silex-06-routes-from-yaml/vendor/symfony/http-kernel/Controller/ControllerResolver.php line 83 {"exception":"[object] (InvalidArgumentException(code: 0): Controller \"\\Itb\\HelloController::helloAction\" for URI \"/hello/sdf\" is not callable. at /Users/matt/Library/Mobile Documents/com~apple~CloudDocs/91_UNITS/UNITS_web_server/unit_27_MVC_C_controller/1_code/examples/silex-06-routes-from-yaml/vendor/symfony/http-kernel/Controller/ControllerResolver.php:83)"} []
[2017-01-25 12:26:38] myapp.INFO: < 500 [] []
[2017-01-25 12:26:53] myapp.DEBUG: adding get route / [] []
[2017-01-25 12:26:53] myapp.DEBUG: adding get route /contact [] []
[2017-01-25 12:26:53] myapp.DEBUG: adding get route /hello/{name} [] []
[2017-01-25 12:26:53] myapp.DEBUG: adding get route /hello/ [] []
[2017-01-25 12:26:53] myapp.DEBUG: adding get route /login [] []
[2017-01-25 12:26:53] myapp.INFO: Matched route "GET_hello_name". {"route_parameters":{"_controller":"\\Itb\\HelloController::helloAction","name":"sdf","_route":"GET_hello_name"},"request_uri":"http://localhost:8888/hello/sdf"} []
[2017-01-25 12:26:53] myapp.INFO: > GET /hello/sdf [] []
[2017-01-25 12:26:53] myapp.CRITICAL: InvalidArgumentException: Controller "\Itb\HelloController::helloAction" for URI "/hello/sdf" is not callable. (uncaught exception) at /Users/matt/Library/Mobile Documents/com~apple~CloudDocs/91_UNITS/UNITS_web_server/unit_27_MVC_C_controller/1_code/examples/silex-06-routes-from-yaml/vendor/symfony/http-kernel/Controller/ControllerResolver.php line 83 {"exception":"[object] (InvalidArgumentException(code: 0): Controller \"\\Itb\\HelloController::helloAction\" for URI \"/hello/sdf\" is not callable. at /Users/matt/Library/Mobile Documents/com~apple~CloudDocs/91_UNITS/UNITS_web_server/unit_27_MVC_C_controller/1_code/examples/silex-06-routes-from-yaml/vendor/symfony/http-kernel/Controller/ControllerResolver.php:83)"} []
[2017-01-25 12:26:53] myapp.INFO: < 500 [] []
[2017-01-25 12:28:01] myapp.DEBUG: adding get route / [] []
[2017-01-25 12:28:01] myapp.DEBUG: adding get route /contact [] []
[2017-01-25 12:28:01] myapp.DEBUG: adding get route /hello/{name} [] []
[2017-01-25 12:28:01] myapp.DEBUG: adding get route /hello/ [] []
[2017-01-25 12:28:01] myapp.DEBUG: adding get route /login [] []
[2017-01-25 12:28:01] myapp.INFO: Matched route "GET_hello_name". {"route_parameters":{"_controller":"\\Itb\\HelloController::helloAction","name":"sdf","_route":"GET_hello_name"},"request_uri":"http://localhost:8888/hello/sdf"} []
[2017-01-25 12:28:01] myapp.INFO: > GET /hello/sdf [] []
[2017-01-25 12:28:01] myapp.CRITICAL: InvalidArgumentException: Controller "\Itb\HelloController::helloAction" for URI "/hello/sdf" is not callable. (uncaught exception) at /Users/matt/Library/Mobile Documents/com~apple~CloudDocs/91_UNITS/UNITS_web_server/unit_27_MVC_C_controller/1_code/examples/silex-06-routes-from-yaml/vendor/symfony/http-kernel/Controller/ControllerResolver.php line 83 {"exception":"[object] (InvalidArgumentException(code: 0): Controller \"\\Itb\\HelloController::helloAction\" for URI \"/hello/sdf\" is not callable. at /Users/matt/Library/Mobile Documents/com~apple~CloudDocs/91_UNITS/UNITS_web_server/unit_27_MVC_C_controller/1_code/examples/silex-06-routes-from-yaml/vendor/symfony/http-kernel/Controller/ControllerResolver.php:83)"} []
[2017-01-25 12:28:01] myapp.INFO: < 500 [] []
[2017-01-25 12:29:58] myapp.DEBUG: adding get route / [] []
[2017-01-25 12:29:58] myapp.DEBUG: $this->app->get('/', '\Itb\MainController::indexAction'); [] []
[2017-01-25 12:29:58] myapp.DEBUG: adding get route /contact [] []
[2017-01-25 12:29:58] myapp.DEBUG: $this->app->get('/contact', '\Itb\MainController::contactAction'); [] []
[2017-01-25 12:29:58] myapp.DEBUG: adding get route /hello/{name} [] []
[2017-01-25 12:29:58] myapp.DEBUG: $this->app->get('/hello/{name}', '\Itb\HelloController::helloAction'); [] []
[2017-01-25 12:29:58] myapp.DEBUG: adding get route /hello/ [] []
[2017-01-25 12:29:58] myapp.DEBUG: $this->app->get('/hello/', '\Itb\HelloController::indexAction'); [] []
[2017-01-25 12:29:58] myapp.DEBUG: adding get route /login [] []
[2017-01-25 12:29:58] myapp.DEBUG: $this->app->get('/login', '\Itb\LoginController::loginAction'); [] []
[2017-01-25 12:29:58] myapp.INFO: Matched route "GET_". {"route_parameters":{"_controller":"\\Itb\\MainController::indexAction","_route":"GET_"},"request_uri":"http://localhost:8888/"} []
[2017-01-25 12:29:58] myapp.INFO: > GET / [] []
[2017-01-25 12:29:58] myapp.INFO: < 200 [] []
[2017-01-25 12:30:42] myapp.DEBUG: adding get route / [] []
[2017-01-25 12:30:42] myapp.DEBUG: $this->app->get('/', 'Itb\MainController::indexAction'); [] []
[2017-01-25 12:30:42] myapp.DEBUG: adding get route /contact [] []
[2017-01-25 12:30:42] myapp.DEBUG: $this->app->get('/contact', 'Itb\MainController::contactAction'); [] []
[2017-01-25 12:30:42] myapp.DEBUG: adding get route /hello/{name} [] []
[2017-01-25 12:30:42] myapp.DEBUG: $this->app->get('/hello/{name}', 'Itb\HelloController::helloAction'); [] []
[2017-01-25 12:30:42] myapp.DEBUG: adding get route /hello/ [] []
[2017-01-25 12:30:42] myapp.DEBUG: $this->app->get('/hello/', 'Itb\HelloController::indexAction'); [] []
[2017-01-25 12:30:42] myapp.DEBUG: adding get route /login [] []
[2017-01-25 12:30:42] myapp.DEBUG: $this->app->get('/login', 'Itb\LoginController::loginAction'); [] []
[2017-01-25 12:30:42] myapp.INFO: Matched route "GET_". {"route_parameters":{"_controller":"Itb\\MainController::indexAction","_route":"GET_"},"request_uri":"http://localhost:8888/"} []
[2017-01-25 12:30:42] myapp.INFO: > GET / [] []
[2017-01-25 12:30:43] myapp.INFO: < 200 [] []
[2017-01-25 12:30:52] myapp.DEBUG: adding get route / [] []
[2017-01-25 12:30:52] myapp.DEBUG: $this->app->get('/', 'Itb\MainController::indexAction'); [] []
[2017-01-25 12:30:52] myapp.DEBUG: adding get route /contact [] []
[2017-01-25 12:30:52] myapp.DEBUG: $this->app->get('/contact', 'Itb\MainController::contactAction'); [] []
[2017-01-25 12:30:52] myapp.DEBUG: adding get route /hello/{name} [] []
[2017-01-25 12:30:52] myapp.DEBUG: $this->app->get('/hello/{name}', 'Itb\HelloController::helloAction'); [] []
[2017-01-25 12:30:52] myapp.DEBUG: adding get route /hello/ [] []
[2017-01-25 12:30:52] myapp.DEBUG: $this->app->get('/hello/', 'Itb\HelloController::indexAction'); [] []
[2017-01-25 12:30:52] myapp.DEBUG: adding get route /login [] []
[2017-01-25 12:30:52] myapp.DEBUG: $this->app->get('/login', 'Itb\LoginController::loginAction'); [] []
[2017-01-25 12:30:52] myapp.INFO: Matched route "GET_". {"route_parameters":{"_controller":"Itb\\MainController::indexAction","_route":"GET_"},"request_uri":"http://localhost:8888/"} []
[2017-01-25 12:30:52] myapp.INFO: > GET / [] []
[2017-01-25 12:30:52] myapp.INFO: < 200 [] []
[2017-01-25 12:30:54] myapp.DEBUG: adding get route / [] []
[2017-01-25 12:30:54] myapp.DEBUG: $this->app->get('/', 'Itb\MainController::indexAction'); [] []
[2017-01-25 12:30:54] myapp.DEBUG: adding get route /contact [] []
[2017-01-25 12:30:54] myapp.DEBUG: $this->app->get('/contact', 'Itb\MainController::contactAction'); [] []
[2017-01-25 12:30:54] myapp.DEBUG: adding get route /hello/{name} [] []
[2017-01-25 12:30:54] myapp.DEBUG: $this->app->get('/hello/{name}', 'Itb\HelloController::helloAction'); [] []
[2017-01-25 12:30:54] myapp.DEBUG: adding get route /hello/ [] []
[2017-01-25 12:30:54] myapp.DEBUG: $this->app->get('/hello/', 'Itb\HelloController::indexAction'); [] []
[2017-01-25 12:30:54] myapp.DEBUG: adding get route /login [] []
[2017-01-25 12:30:54] myapp.DEBUG: $this->app->get('/login', 'Itb\LoginController::loginAction'); [] []
[2017-01-25 12:30:54] myapp.INFO: Matched route "n/a". {"route_parameters":{"_controller":"[object] (Closure: {})","_route":null,"url":"/hello/"},"request_uri":"http://localhost:8888/hello"} []
[2017-01-25 12:30:54] myapp.INFO: > GET /hello [] []
[2017-01-25 12:30:54] myapp.INFO: < 301 /hello/ [] []
[2017-01-25 12:30:54] myapp.DEBUG: adding get route / [] []
[2017-01-25 12:30:54] myapp.DEBUG: $this->app->get('/', 'Itb\MainController::indexAction'); [] []
[2017-01-25 12:30:54] myapp.DEBUG: adding get route /contact [] []
[2017-01-25 12:30:54] myapp.DEBUG: $this->app->get('/contact', 'Itb\MainController::contactAction'); [] []
[2017-01-25 12:30:54] myapp.DEBUG: adding get route /hello/{name} [] []
[2017-01-25 12:30:54] myapp.DEBUG: $this->app->get('/hello/{name}', 'Itb\HelloController::helloAction'); [] []
[2017-01-25 12:30:54] myapp.DEBUG: adding get route /hello/ [] []
[2017-01-25 12:30:54] myapp.DEBUG: $this->app->get('/hello/', 'Itb\HelloController::indexAction'); [] []
[2017-01-25 12:30:54] myapp.DEBUG: adding get route /login [] []
[2017-01-25 12:30:54] myapp.DEBUG: $this->app->get('/login', 'Itb\LoginController::loginAction'); [] []
[2017-01-25 12:30:54] myapp.INFO: Matched route "GET_hello_". {"route_parameters":{"_controller":"Itb\\HelloController::indexAction","_route":"GET_hello_"},"request_uri":"http://localhost:8888/hello/"} []
[2017-01-25 12:30:54] myapp.INFO: > GET /hello/ [] []
[2017-01-25 12:30:54] myapp.INFO: < 200 [] []
[2017-01-25 12:30:56] myapp.DEBUG: adding get route / [] []
[2017-01-25 12:30:56] myapp.DEBUG: $this->app->get('/', 'Itb\MainController::indexAction'); [] []
[2017-01-25 12:30:56] myapp.DEBUG: adding get route /contact [] []
[2017-01-25 12:30:56] myapp.DEBUG: $this->app->get('/contact', 'Itb\MainController::contactAction'); [] []
[2017-01-25 12:30:56] myapp.DEBUG: adding get route /hello/{name} [] []
[2017-01-25 12:30:56] myapp.DEBUG: $this->app->get('/hello/{name}', 'Itb\HelloController::helloAction'); [] []
[2017-01-25 12:30:56] myapp.DEBUG: adding get route /hello/ [] []
[2017-01-25 12:30:56] myapp.DEBUG: $this->app->get('/hello/', 'Itb\HelloController::indexAction'); [] []
[2017-01-25 12:30:56] myapp.DEBUG: adding get route /login [] []
[2017-01-25 12:30:56] myapp.DEBUG: $this->app->get('/login', 'Itb\LoginController::loginAction'); [] []
[2017-01-25 12:30:56] myapp.INFO: Matched route "GET_hello_name". {"route_parameters":{"_controller":"Itb\\HelloController::helloAction","name":"sdf","_route":"GET_hello_name"},"request_uri":"http://localhost:8888/hello/sdf"} []
[2017-01-25 12:30:56] myapp.INFO: > GET /hello/sdf [] []
[2017-01-25 12:30:56] myapp.CRITICAL: InvalidArgumentException: Controller "Itb\HelloController::helloAction" for URI "/hello/sdf" is not callable. (uncaught exception) at /Users/matt/Library/Mobile Documents/com~apple~CloudDocs/91_UNITS/UNITS_web_server/unit_27_MVC_C_controller/1_code/examples/silex-06-routes-from-yaml/vendor/symfony/http-kernel/Controller/ControllerResolver.php line 83 {"exception":"[object] (InvalidArgumentException(code: 0): Controller \"Itb\\HelloController::helloAction\" for URI \"/hello/sdf\" is not callable. at /Users/matt/Library/Mobile Documents/com~apple~CloudDocs/91_UNITS/UNITS_web_server/unit_27_MVC_C_controller/1_code/examples/silex-06-routes-from-yaml/vendor/symfony/http-kernel/Controller/ControllerResolver.php:83)"} []
[2017-01-25 12:30:56] myapp.INFO: < 500 [] []
[2017-01-25 13:03:18] myapp.DEBUG: adding get route / [] []
[2017-01-25 13:03:18] myapp.DEBUG: $this->app->get('/', '\Itb\MainController::indexAction'); [] []
[2017-01-25 13:03:18] myapp.DEBUG: adding get route /contact [] []
[2017-01-25 13:03:18] myapp.DEBUG: $this->app->get('/contact', '\Itb\MainController::contactAction'); [] []
[2017-01-25 13:03:18] myapp.DEBUG: adding get route /hello/{name} [] []
[2017-01-25 13:03:18] myapp.DEBUG: $this->app->get('/hello/{name}', '\Itb\HelloController::nameAction'); [] []
[2017-01-25 13:03:18] myapp.DEBUG: adding get route /hello/ [] []
[2017-01-25 13:03:18] myapp.DEBUG: $this->app->get('/hello/', '\Itb\HelloController::indexAction'); [] []
[2017-01-25 13:03:18] myapp.DEBUG: adding get route /login [] []
[2017-01-25 13:03:18] myapp.DEBUG: $this->app->get('/login', '\Itb\LoginController::loginAction'); [] []
[2017-01-25 13:03:18] myapp.INFO: Matched route "GET_". {"route_parameters":{"_controller":"\\Itb\\MainController::indexAction","_route":"GET_"},"request_uri":"http://localhost:8888/"} []
[2017-01-25 13:03:18] myapp.INFO: > GET / [] []
[2017-01-25 13:03:18] myapp.INFO: < 200 [] []
[2017-01-25 13:03:20] myapp.DEBUG: adding get route / [] []
[2017-01-25 13:03:20] myapp.DEBUG: $this->app->get('/', '\Itb\MainController::indexAction'); [] []
[2017-01-25 13:03:20] myapp.DEBUG: adding get route /contact [] []
[2017-01-25 13:03:20] myapp.DEBUG: $this->app->get('/contact', '\Itb\MainController::contactAction'); [] []
[2017-01-25 13:03:20] myapp.DEBUG: adding get route /hello/{name} [] []
[2017-01-25 13:03:20] myapp.DEBUG: $this->app->get('/hello/{name}', '\Itb\HelloController::nameAction'); [] []
[2017-01-25 13:03:20] myapp.DEBUG: adding get route /hello/ [] []
[2017-01-25 13:03:20] myapp.DEBUG: $this->app->get('/hello/', '\Itb\HelloController::indexAction'); [] []
[2017-01-25 13:03:20] myapp.DEBUG: adding get route /login [] []
[2017-01-25 13:03:20] myapp.DEBUG: $this->app->get('/login', '\Itb\LoginController::loginAction'); [] []
[2017-01-25 13:03:20] myapp.ERROR: Symfony\Component\HttpKernel\Exception\NotFoundHttpException: No route found for "GET /hsdf" (uncaught exception) at /Users/matt/Library/Mobile Documents/com~apple~CloudDocs/91_UNITS/UNITS_web_server/unit_27_MVC_C_controller/1_code/examples/silex-06-routes-from-yaml/vendor/symfony/http-kernel/EventListener/RouterListener.php line 159 {"exception":"[object] (Symfony\\Component\\HttpKernel\\Exception\\NotFoundHttpException(code: 0): No route found for \"GET /hsdf\" at /Users/matt/Library/Mobile Documents/com~apple~CloudDocs/91_UNITS/UNITS_web_server/unit_27_MVC_C_controller/1_code/examples/silex-06-routes-from-yaml/vendor/symfony/http-kernel/EventListener/RouterListener.php:159, Symfony\\Component\\Routing\\Exception\\ResourceNotFoundException(code: 0): No routes found for \"/hsdf\". at /Users/matt/Library/Mobile Documents/com~apple~CloudDocs/91_UNITS/UNITS_web_server/unit_27_MVC_C_controller/1_code/examples/silex-06-routes-from-yaml/vendor/symfony/routing/Matcher/UrlMatcher.php:102)"} []
[2017-01-25 13:03:20] myapp.INFO: < 404 [] []
[2017-01-25 13:03:22] myapp.DEBUG: adding get route / [] []
[2017-01-25 13:03:22] myapp.DEBUG: $this->app->get('/', '\Itb\MainController::indexAction'); [] []
[2017-01-25 13:03:22] myapp.DEBUG: adding get route /contact [] []
[2017-01-25 13:03:22] myapp.DEBUG: $this->app->get('/contact', '\Itb\MainController::contactAction'); [] []
[2017-01-25 13:03:22] myapp.DEBUG: adding get route /hello/{name} [] []
[2017-01-25 13:03:22] myapp.DEBUG: $this->app->get('/hello/{name}', '\Itb\HelloController::nameAction'); [] []
[2017-01-25 13:03:22] myapp.DEBUG: adding get route /hello/ [] []
[2017-01-25 13:03:22] myapp.DEBUG: $this->app->get('/hello/', '\Itb\HelloController::indexAction'); [] []
[2017-01-25 13:03:22] myapp.DEBUG: adding get route /login [] []
[2017-01-25 13:03:22] myapp.DEBUG: $this->app->get('/login', '\Itb\LoginController::loginAction'); [] []
[2017-01-25 13:03:22] myapp.INFO: Matched route "n/a". {"route_parameters":{"_controller":"[object] (Closure: {})","_route":null,"url":"/hello/"},"request_uri":"http://localhost:8888/hello"} []
[2017-01-25 13:03:22] myapp.INFO: > GET /hello [] []
[2017-01-25 13:03:22] myapp.INFO: < 301 /hello/ [] []
[2017-01-25 13:03:22] myapp.DEBUG: adding get route / [] []
[2017-01-25 13:03:22] myapp.DEBUG: $this->app->get('/', '\Itb\MainController::indexAction'); [] []
[2017-01-25 13:03:22] myapp.DEBUG: adding get route /contact [] []
[2017-01-25 13:03:22] myapp.DEBUG: $this->app->get('/contact', '\Itb\MainController::contactAction'); [] []
[2017-01-25 13:03:22] myapp.DEBUG: adding get route /hello/{name} [] []
[2017-01-25 13:03:22] myapp.DEBUG: $this->app->get('/hello/{name}', '\Itb\HelloController::nameAction'); [] []
[2017-01-25 13:03:22] myapp.DEBUG: adding get route /hello/ [] []
[2017-01-25 13:03:22] myapp.DEBUG: $this->app->get('/hello/', '\Itb\HelloController::indexAction'); [] []
[2017-01-25 13:03:22] myapp.DEBUG: adding get route /login [] []
[2017-01-25 13:03:22] myapp.DEBUG: $this->app->get('/login', '\Itb\LoginController::loginAction'); [] []
[2017-01-25 13:03:22] myapp.INFO: Matched route "GET_hello_". {"route_parameters":{"_controller":"\\Itb\\HelloController::indexAction","_route":"GET_hello_"},"request_uri":"http://localhost:8888/hello/"} []
[2017-01-25 13:03:22] myapp.INFO: > GET /hello/ [] []
[2017-01-25 13:03:22] myapp.INFO: < 200 [] []
[2017-01-25 13:03:25] myapp.DEBUG: adding get route / [] []
[2017-01-25 13:03:25] myapp.DEBUG: $this->app->get('/', '\Itb\MainController::indexAction'); [] []
[2017-01-25 13:03:25] myapp.DEBUG: adding get route /contact [] []
[2017-01-25 13:03:25] myapp.DEBUG: $this->app->get('/contact', '\Itb\MainController::contactAction'); [] []
[2017-01-25 13:03:25] myapp.DEBUG: adding get route /hello/{name} [] []
[2017-01-25 13:03:25] myapp.DEBUG: $this->app->get('/hello/{name}', '\Itb\HelloController::nameAction'); [] []
[2017-01-25 13:03:25] myapp.DEBUG: adding get route /hello/ [] []
[2017-01-25 13:03:25] myapp.DEBUG: $this->app->get('/hello/', '\Itb\HelloController::indexAction'); [] []
[2017-01-25 13:03:25] myapp.DEBUG: adding get route /login [] []
[2017-01-25 13:03:25] myapp.DEBUG: $this->app->get('/login', '\Itb\LoginController::loginAction'); [] []
[2017-01-25 13:03:25] myapp.INFO: Matched route "GET_hello_name". {"route_parameters":{"_controller":"\\Itb\\HelloController::nameAction","name":"dfsg","_route":"GET_hello_name"},"request_uri":"http://localhost:8888/hello/dfsg"} []
[2017-01-25 13:03:25] myapp.INFO: > GET /hello/dfsg [] []
[2017-01-25 13:03:25] myapp.INFO: < 200 [] []
[2017-01-25 13:05:45] myapp.DEBUG: adding get route / [] []
[2017-01-25 13:05:45] myapp.DEBUG: $this->app->get('/', '\Itb\MainController::indexAction'); [] []
[2017-01-25 13:05:45] myapp.DEBUG: adding get route /contact [] []
[2017-01-25 13:05:45] myapp.DEBUG: $this->app->get('/contact', '\Itb\MainController::contactAction'); [] []
[2017-01-25 13:05:45] myapp.DEBUG: adding get route /hello/{name} [] []
[2017-01-25 13:05:45] myapp.DEBUG: $this->app->get('/hello/{name}', '\Itb\HelloController::nameAction'); [] []
[2017-01-25 13:05:45] myapp.DEBUG: adding get route /hello/ [] []
[2017-01-25 13:05:45] myapp.DEBUG: $this->app->get('/hello/', '\Itb\HelloController::indexAction'); [] []
[2017-01-25 13:05:45] myapp.DEBUG: adding get route /login [] []
[2017-01-25 13:05:45] myapp.DEBUG: $this->app->get('/login', '\Itb\LoginController::loginAction'); [] []
[2017-01-25 13:05:45] myapp.INFO: Matched route "GET_". {"route_parameters":{"_controller":"\\Itb\\MainController::indexAction","_route":"GET_"},"request_uri":"http://localhost:8888/"} []
[2017-01-25 13:05:45] myapp.INFO: > GET / [] []
[2017-01-25 13:05:45] myapp.INFO: < 200 [] []
[2017-01-25 13:05:47] myapp.DEBUG: adding get route / [] []
[2017-01-25 13:05:47] myapp.DEBUG: $this->app->get('/', '\Itb\MainController::indexAction'); [] []
[2017-01-25 13:05:47] myapp.DEBUG: adding get route /contact [] []
[2017-01-25 13:05:47] myapp.DEBUG: $this->app->get('/contact', '\Itb\MainController::contactAction'); [] []
[2017-01-25 13:05:47] myapp.DEBUG: adding get route /hello/{name} [] []
[2017-01-25 13:05:47] myapp.DEBUG: $this->app->get('/hello/{name}', '\Itb\HelloController::nameAction'); [] []
[2017-01-25 13:05:47] myapp.DEBUG: adding get route /hello/ [] []
[2017-01-25 13:05:47] myapp.DEBUG: $this->app->get('/hello/', '\Itb\HelloController::indexAction'); [] []
[2017-01-25 13:05:47] myapp.DEBUG: adding get route /login [] []
[2017-01-25 13:05:47] myapp.DEBUG: $this->app->get('/login', '\Itb\LoginController::loginAction'); [] []
[2017-01-25 13:05:47] myapp.ERROR: Symfony\Component\HttpKernel\Exception\NotFoundHttpException: No route found for "GET /dfg" (uncaught exception) at /Users/matt/Library/Mobile Documents/com~apple~CloudDocs/91_UNITS/UNITS_web_server/unit_27_MVC_C_controller/1_code/examples/silex-06-routes-from-yaml/vendor/symfony/http-kernel/EventListener/RouterListener.php line 159 {"exception":"[object] (Symfony\\Component\\HttpKernel\\Exception\\NotFoundHttpException(code: 0): No route found for \"GET /dfg\" at /Users/matt/Library/Mobile Documents/com~apple~CloudDocs/91_UNITS/UNITS_web_server/unit_27_MVC_C_controller/1_code/examples/silex-06-routes-from-yaml/vendor/symfony/http-kernel/EventListener/RouterListener.php:159, Symfony\\Component\\Routing\\Exception\\ResourceNotFoundException(code: 0): No routes found for \"/dfg\". at /Users/matt/Library/Mobile Documents/com~apple~CloudDocs/91_UNITS/UNITS_web_server/unit_27_MVC_C_controller/1_code/examples/silex-06-routes-from-yaml/vendor/symfony/routing/Matcher/UrlMatcher.php:102)"} []
[2017-01-25 13:06:13] myapp.DEBUG: adding get route / [] []
[2017-01-25 13:06:13] myapp.DEBUG: $this->app->get('/', '\Itb\MainController::indexAction'); [] []
[2017-01-25 13:06:13] myapp.DEBUG: adding get route /contact [] []
[2017-01-25 13:06:13] myapp.DEBUG: $this->app->get('/contact', '\Itb\MainController::contactAction'); [] []
[2017-01-25 13:06:13] myapp.DEBUG: adding get route /hello/{name} [] []
[2017-01-25 13:06:13] myapp.DEBUG: $this->app->get('/hello/{name}', '\Itb\HelloController::nameAction'); [] []
[2017-01-25 13:06:13] myapp.DEBUG: adding get route /hello/ [] []
[2017-01-25 13:06:13] myapp.DEBUG: $this->app->get('/hello/', '\Itb\HelloController::indexAction'); [] []
[2017-01-25 13:06:13] myapp.DEBUG: adding get route /login [] []
[2017-01-25 13:06:13] myapp.DEBUG: $this->app->get('/login', '\Itb\LoginController::loginAction'); [] []
[2017-01-25 13:06:13] myapp.ERROR: Symfony\Component\HttpKernel\Exception\NotFoundHttpException: No route found for "GET /dfg" (uncaught exception) at /Users/matt/Library/Mobile Documents/com~apple~CloudDocs/91_UNITS/UNITS_web_server/unit_27_MVC_C_controller/1_code/examples/silex-06-routes-from-yaml/vendor/symfony/http-kernel/EventListener/RouterListener.php line 159 {"exception":"[object] (Symfony\\Component\\HttpKernel\\Exception\\NotFoundHttpException(code: 0): No route found for \"GET /dfg\" at /Users/matt/Library/Mobile Documents/com~apple~CloudDocs/91_UNITS/UNITS_web_server/unit_27_MVC_C_controller/1_code/examples/silex-06-routes-from-yaml/vendor/symfony/http-kernel/EventListener/RouterListener.php:159, Symfony\\Component\\Routing\\Exception\\ResourceNotFoundException(code: 0): No routes found for \"/dfg\". at /Users/matt/Library/Mobile Documents/com~apple~CloudDocs/91_UNITS/UNITS_web_server/unit_27_MVC_C_controller/1_code/examples/silex-06-routes-from-yaml/vendor/symfony/routing/Matcher/UrlMatcher.php:102)"} []
[2017-01-25 13:08:37] myapp.DEBUG: adding get route / [] []
[2017-01-25 13:08:37] myapp.DEBUG: $this->app->get('/', '\Itb\MainController::indexAction'); [] []
[2017-01-25 13:08:37] myapp.DEBUG: adding get route /contact [] []
[2017-01-25 13:08:37] myapp.DEBUG: $this->app->get('/contact', '\Itb\MainController::contactAction'); [] []
[2017-01-25 13:08:37] myapp.DEBUG: adding get route /hello/{name} [] []
[2017-01-25 13:08:37] myapp.DEBUG: $this->app->get('/hello/{name}', '\Itb\HelloController::nameAction'); [] []
[2017-01-25 13:08:37] myapp.DEBUG: adding get route /hello/ [] []
[2017-01-25 13:08:37] myapp.DEBUG: $this->app->get('/hello/', '\Itb\HelloController::indexAction'); [] []
[2017-01-25 13:08:37] myapp.DEBUG: adding get route /login [] []
[2017-01-25 13:08:37] myapp.DEBUG: $this->app->get('/login', '\Itb\LoginController::loginAction'); [] []
[2017-01-25 13:09:21] myapp.DEBUG: adding get route / [] []
[2017-01-25 13:09:21] myapp.DEBUG: $this->app->get('/', '\Itb\MainController::indexAction'); [] []
[2017-01-25 13:09:21] myapp.DEBUG: adding get route /contact [] []
[2017-01-25 13:09:21] myapp.DEBUG: $this->app->get('/contact', '\Itb\MainController::contactAction'); [] []
[2017-01-25 13:09:21] myapp.DEBUG: adding get route /hello/{name} [] []
[2017-01-25 13:09:21] myapp.DEBUG: $this->app->get('/hello/{name}', '\Itb\HelloController::nameAction'); [] []
[2017-01-25 13:09:21] myapp.DEBUG: adding get route /hello/ [] []
[2017-01-25 13:09:21] myapp.DEBUG: $this->app->get('/hello/', '\Itb\HelloController::indexAction'); [] []
[2017-01-25 13:09:21] myapp.DEBUG: adding get route /login [] []
[2017-01-25 13:09:21] myapp.DEBUG: $this->app->get('/login', '\Itb\LoginController::loginAction'); [] []
[2017-01-25 13:09:21] myapp.ERROR: Symfony\Component\HttpKernel\Exception\NotFoundHttpException: No route found for "GET /dfg" (uncaught exception) at /Users/matt/Library/Mobile Documents/com~apple~CloudDocs/91_UNITS/UNITS_web_server/unit_27_MVC_C_controller/1_code/examples/silex-06-routes-from-yaml/vendor/symfony/http-kernel/EventListener/RouterListener.php line 159 {"exception":"[object] (Symfony\\Component\\HttpKernel\\Exception\\NotFoundHttpException(code: 0): No route found for \"GET /dfg\" at /Users/matt/Library/Mobile Documents/com~apple~CloudDocs/91_UNITS/UNITS_web_server/unit_27_MVC_C_controller/1_code/examples/silex-06-routes-from-yaml/vendor/symfony/http-kernel/EventListener/RouterListener.php:159, Symfony\\Component\\Routing\\Exception\\ResourceNotFoundException(code: 0): No routes found for \"/dfg\". at /Users/matt/Library/Mobile Documents/com~apple~CloudDocs/91_UNITS/UNITS_web_server/unit_27_MVC_C_controller/1_code/examples/silex-06-routes-from-yaml/vendor/symfony/routing/Matcher/UrlMatcher.php:102)"} []
[2017-01-25 13:09:21] myapp.INFO: < 404 [] []
[2017-01-25 13:13:18] myapp.DEBUG: adding get route / [] []
[2017-01-25 13:13:18] myapp.DEBUG: $this->app->get('/', '\Itb\MainController::indexAction'); [] []
[2017-01-25 13:13:18] myapp.DEBUG: adding get route /contact [] []
[2017-01-25 13:13:18] myapp.DEBUG: $this->app->get('/contact', '\Itb\MainController::contactAction'); [] []
[2017-01-25 13:13:18] myapp.DEBUG: adding get route /hello/{name} [] []
[2017-01-25 13:13:18] myapp.DEBUG: $this->app->get('/hello/{name}', '\Itb\HelloController::nameAction'); [] []
[2017-01-25 13:13:18] myapp.DEBUG: adding get route /hello/ [] []
[2017-01-25 13:13:18] myapp.DEBUG: $this->app->get('/hello/', '\Itb\HelloController::indexAction'); [] []
[2017-01-25 13:13:18] myapp.DEBUG: adding get route /login [] []
[2017-01-25 13:13:18] myapp.DEBUG: $this->app->get('/login', '\Itb\LoginController::loginAction'); [] []
[2017-01-25 13:13:18] myapp.ERROR: Symfony\Component\HttpKernel\Exception\NotFoundHttpException: No route found for "GET /dfg" (uncaught exception) at /Users/matt/Library/Mobile Documents/com~apple~CloudDocs/91_UNITS/UNITS_web_server/unit_27_MVC_C_controller/1_code/examples/silex-06-routes-from-yaml/vendor/symfony/http-kernel/EventListener/RouterListener.php line 159 {"exception":"[object] (Symfony\\Component\\HttpKernel\\Exception\\NotFoundHttpException(code: 0): No route found for \"GET /dfg\" at /Users/matt/Library/Mobile Documents/com~apple~CloudDocs/91_UNITS/UNITS_web_server/unit_27_MVC_C_controller/1_code/examples/silex-06-routes-from-yaml/vendor/symfony/http-kernel/EventListener/RouterListener.php:159, Symfony\\Component\\Routing\\Exception\\ResourceNotFoundException(code: 0): No routes found for \"/dfg\". at /Users/matt/Library/Mobile Documents/com~apple~CloudDocs/91_UNITS/UNITS_web_server/unit_27_MVC_C_controller/1_code/examples/silex-06-routes-from-yaml/vendor/symfony/routing/Matcher/UrlMatcher.php:102)"} []
[2017-01-25 13:13:18] myapp.INFO: < 404 [] []
[2017-01-25 13:13:47] myapp.DEBUG: adding get route / [] []
[2017-01-25 13:13:47] myapp.DEBUG: $this->app->get('/', '\Itb\MainController::indexAction'); [] []
[2017-01-25 13:13:47] myapp.DEBUG: adding get route /contact [] []
[2017-01-25 13:13:47] myapp.DEBUG: $this->app->get('/contact', '\Itb\MainController::contactAction'); [] []
[2017-01-25 13:13:47] myapp.DEBUG: adding get route /hello/{name} [] []
[2017-01-25 13:13:47] myapp.DEBUG: $this->app->get('/hello/{name}', '\Itb\HelloController::nameAction'); [] []
[2017-01-25 13:13:47] myapp.DEBUG: adding get route /hello/ [] []
[2017-01-25 13:13:47] myapp.DEBUG: $this->app->get('/hello/', '\Itb\HelloController::indexAction'); [] []
[2017-01-25 13:13:47] myapp.DEBUG: adding get route /login [] []
[2017-01-25 13:13:47] myapp.DEBUG: $this->app->get('/login', '\Itb\LoginController::loginAction'); [] []
[2017-01-25 13:13:47] myapp.ERROR: Symfony\Component\HttpKernel\Exception\NotFoundHttpException: No route found for "GET /dfg" (uncaught exception) at /Users/matt/Library/Mobile Documents/com~apple~CloudDocs/91_UNITS/UNITS_web_server/unit_27_MVC_C_controller/1_code/examples/silex-06-routes-from-yaml/vendor/symfony/http-kernel/EventListener/RouterListener.php line 159 {"exception":"[object] (Symfony\\Component\\HttpKernel\\Exception\\NotFoundHttpException(code: 0): No route found for \"GET /dfg\" at /Users/matt/Library/Mobile Documents/com~apple~CloudDocs/91_UNITS/UNITS_web_server/unit_27_MVC_C_controller/1_code/examples/silex-06-routes-from-yaml/vendor/symfony/http-kernel/EventListener/RouterListener.php:159, Symfony\\Component\\Routing\\Exception\\ResourceNotFoundException(code: 0): No routes found for \"/dfg\". at /Users/matt/Library/Mobile Documents/com~apple~CloudDocs/91_UNITS/UNITS_web_server/unit_27_MVC_C_controller/1_code/examples/silex-06-routes-from-yaml/vendor/symfony/routing/Matcher/UrlMatcher.php:102)"} []
[2017-01-25 13:13:47] myapp.INFO: < 404 [] []
[2017-01-25 13:13:50] myapp.DEBUG: adding get route / [] []
[2017-01-25 13:13:50] myapp.DEBUG: $this->app->get('/', '\Itb\MainController::indexAction'); [] []
[2017-01-25 13:13:50] myapp.DEBUG: adding get route /contact [] []
[2017-01-25 13:13:50] myapp.DEBUG: $this->app->get('/contact', '\Itb\MainController::contactAction'); [] []
[2017-01-25 13:13:50] myapp.DEBUG: adding get route /hello/{name} [] []
[2017-01-25 13:13:50] myapp.DEBUG: $this->app->get('/hello/{name}', '\Itb\HelloController::nameAction'); [] []
[2017-01-25 13:13:50] myapp.DEBUG: adding get route /hello/ [] []
[2017-01-25 13:13:50] myapp.DEBUG: $this->app->get('/hello/', '\Itb\HelloController::indexAction'); [] []
[2017-01-25 13:13:50] myapp.DEBUG: adding get route /login [] []
[2017-01-25 13:13:50] myapp.DEBUG: $this->app->get('/login', '\Itb\LoginController::loginAction'); [] []
[2017-01-25 13:13:50] myapp.ERROR: Symfony\Component\HttpKernel\Exception\NotFoundHttpException: No route found for "GET /sdfgdsfg" (uncaught exception) at /Users/matt/Library/Mobile Documents/com~apple~CloudDocs/91_UNITS/UNITS_web_server/unit_27_MVC_C_controller/1_code/examples/silex-06-routes-from-yaml/vendor/symfony/http-kernel/EventListener/RouterListener.php line 159 {"exception":"[object] (Symfony\\Component\\HttpKernel\\Exception\\NotFoundHttpException(code: 0): No route found for \"GET /sdfgdsfg\" at /Users/matt/Library/Mobile Documents/com~apple~CloudDocs/91_UNITS/UNITS_web_server/unit_27_MVC_C_controller/1_code/examples/silex-06-routes-from-yaml/vendor/symfony/http-kernel/EventListener/RouterListener.php:159, Symfony\\Component\\Routing\\Exception\\ResourceNotFoundException(code: 0): No routes found for \"/sdfgdsfg\". at /Users/matt/Library/Mobile Documents/com~apple~CloudDocs/91_UNITS/UNITS_web_server/unit_27_MVC_C_controller/1_code/examples/silex-06-routes-from-yaml/vendor/symfony/routing/Matcher/UrlMatcher.php:102)"} []
[2017-01-25 13:13:50] myapp.INFO: < 404 [] []
[2017-01-25 13:14:21] myapp.DEBUG: adding get route / [] []
[2017-01-25 13:14:21] myapp.DEBUG: $this->app->get('/', '\Itb\MainController::indexAction'); [] []
[2017-01-25 13:14:21] myapp.DEBUG: adding get route /contact [] []
[2017-01-25 13:14:21] myapp.DEBUG: $this->app->get('/contact', '\Itb\MainController::contactAction'); [] []
[2017-01-25 13:14:21] myapp.DEBUG: adding get route /hello/{name} [] []
[2017-01-25 13:14:21] myapp.DEBUG: $this->app->get('/hello/{name}', '\Itb\HelloController::nameAction'); [] []
[2017-01-25 13:14:21] myapp.DEBUG: adding get route /hello/ [] []
[2017-01-25 13:14:21] myapp.DEBUG: $this->app->get('/hello/', '\Itb\HelloController::indexAction'); [] []
[2017-01-25 13:14:21] myapp.DEBUG: adding get route /login [] []
[2017-01-25 13:14:21] myapp.DEBUG: $this->app->get('/login', '\Itb\LoginController::loginAction'); [] []
[2017-01-25 13:14:21] myapp.INFO: Matched route "GET_". {"route_parameters":{"_controller":"\\Itb\\MainController::indexAction","_route":"GET_"},"request_uri":"http://localhost:8888/"} []
[2017-01-25 13:14:21] myapp.INFO: > GET / [] []
[2017-01-25 13:14:21] myapp.INFO: < 200 [] []
[2017-01-25 13:14:22] myapp.DEBUG: adding get route / [] []
[2017-01-25 13:14:22] myapp.DEBUG: $this->app->get('/', '\Itb\MainController::indexAction'); [] []
[2017-01-25 13:14:22] myapp.DEBUG: adding get route /contact [] []
[2017-01-25 13:14:22] myapp.DEBUG: $this->app->get('/contact', '\Itb\MainController::contactAction'); [] []
[2017-01-25 13:14:22] myapp.DEBUG: adding get route /hello/{name} [] []
[2017-01-25 13:14:22] myapp.DEBUG: $this->app->get('/hello/{name}', '\Itb\HelloController::nameAction'); [] []
[2017-01-25 13:14:22] myapp.DEBUG: adding get route /hello/ [] []
[2017-01-25 13:14:22] myapp.DEBUG: $this->app->get('/hello/', '\Itb\HelloController::indexAction'); [] []
[2017-01-25 13:14:22] myapp.DEBUG: adding get route /login [] []
[2017-01-25 13:14:22] myapp.DEBUG: $this->app->get('/login', '\Itb\LoginController::loginAction'); [] []
[2017-01-25 13:14:23] myapp.ERROR: Symfony\Component\HttpKernel\Exception\NotFoundHttpException: No route found for "GET /sdf" (uncaught exception) at /Users/matt/Library/Mobile Documents/com~apple~CloudDocs/91_UNITS/UNITS_web_server/unit_27_MVC_C_controller/1_code/examples/silex-06-routes-from-yaml/vendor/symfony/http-kernel/EventListener/RouterListener.php line 159 {"exception":"[object] (Symfony\\Component\\HttpKernel\\Exception\\NotFoundHttpException(code: 0): No route found for \"GET /sdf\" at /Users/matt/Library/Mobile Documents/com~apple~CloudDocs/91_UNITS/UNITS_web_server/unit_27_MVC_C_controller/1_code/examples/silex-06-routes-from-yaml/vendor/symfony/http-kernel/EventListener/RouterListener.php:159, Symfony\\Component\\Routing\\Exception\\ResourceNotFoundException(code: 0): No routes found for \"/sdf\". at /Users/matt/Library/Mobile Documents/com~apple~CloudDocs/91_UNITS/UNITS_web_server/unit_27_MVC_C_controller/1_code/examples/silex-06-routes-from-yaml/vendor/symfony/routing/Matcher/UrlMatcher.php:102)"} []
[2017-01-25 13:14:23] myapp.INFO: < 404 [] []
[2017-01-25 13:16:25] myapp.DEBUG: adding get route / [] []
[2017-01-25 13:16:25] myapp.DEBUG: $this->app->get('/', '\Itb\MainController::indexAction'); [] []
[2017-01-25 13:16:25] myapp.DEBUG: adding get route /contact [] []
[2017-01-25 13:16:25] myapp.DEBUG: $this->app->get('/contact', '\Itb\MainController::contactAction'); [] []
[2017-01-25 13:16:25] myapp.DEBUG: adding get route /hello/{name} [] []
[2017-01-25 13:16:25] myapp.DEBUG: $this->app->get('/hello/{name}', '\Itb\HelloController::nameAction'); [] []
[2017-01-25 13:16:25] myapp.DEBUG: adding get route /hello/ [] []
[2017-01-25 13:16:25] myapp.DEBUG: $this->app->get('/hello/', '\Itb\HelloController::indexAction'); [] []
[2017-01-25 13:16:25] myapp.DEBUG: adding get route /login [] []
[2017-01-25 13:16:25] myapp.DEBUG: $this->app->get('/login', '\Itb\LoginController::loginAction'); [] []
[2017-01-25 13:16:25] myapp.INFO: Matched route "GET_". {"route_parameters":{"_controller":"\\Itb\\MainController::indexAction","_route":"GET_"},"request_uri":"http://localhost:8888/"} []
[2017-01-25 13:16:25] myapp.INFO: > GET / [] []
[2017-01-25 13:16:25] myapp.INFO: < 200 [] []
[2017-01-25 13:16:26] myapp.DEBUG: adding get route / [] []
[2017-01-25 13:16:26] myapp.DEBUG: $this->app->get('/', '\Itb\MainController::indexAction'); [] []
[2017-01-25 13:16:26] myapp.DEBUG: adding get route /contact [] []
[2017-01-25 13:16:27] myapp.DEBUG: $this->app->get('/contact', '\Itb\MainController::contactAction'); [] []
[2017-01-25 13:16:27] myapp.DEBUG: adding get route /hello/{name} [] []
[2017-01-25 13:16:27] myapp.DEBUG: $this->app->get('/hello/{name}', '\Itb\HelloController::nameAction'); [] []
[2017-01-25 13:16:27] myapp.DEBUG: adding get route /hello/ [] []
[2017-01-25 13:16:27] myapp.DEBUG: $this->app->get('/hello/', '\Itb\HelloController::indexAction'); [] []
[2017-01-25 13:16:27] myapp.DEBUG: adding get route /login [] []
[2017-01-25 13:16:27] myapp.DEBUG: $this->app->get('/login', '\Itb\LoginController::loginAction'); [] []
[2017-01-25 13:16:27] myapp.ERROR: Symfony\Component\HttpKernel\Exception\NotFoundHttpException: No route found for "GET /sdfg" (uncaught exception) at /Users/matt/Library/Mobile Documents/com~apple~CloudDocs/91_UNITS/UNITS_web_server/unit_27_MVC_C_controller/1_code/examples/silex-06-routes-from-yaml/vendor/symfony/http-kernel/EventListener/RouterListener.php line 159 {"exception":"[object] (Symfony\\Component\\HttpKernel\\Exception\\NotFoundHttpException(code: 0): No route found for \"GET /sdfg\" at /Users/matt/Library/Mobile Documents/com~apple~CloudDocs/91_UNITS/UNITS_web_server/unit_27_MVC_C_controller/1_code/examples/silex-06-routes-from-yaml/vendor/symfony/http-kernel/EventListener/RouterListener.php:159, Symfony\\Component\\Routing\\Exception\\ResourceNotFoundException(code: 0): No routes found for \"/sdfg\". at /Users/matt/Library/Mobile Documents/com~apple~CloudDocs/91_UNITS/UNITS_web_server/unit_27_MVC_C_controller/1_code/examples/silex-06-routes-from-yaml/vendor/symfony/routing/Matcher/UrlMatcher.php:102)"} []
[2017-01-25 13:16:34] myapp.DEBUG: adding get route / [] []
[2017-01-25 13:16:34] myapp.DEBUG: $this->app->get('/', '\Itb\MainController::indexAction'); [] []
[2017-01-25 13:16:34] myapp.DEBUG: adding get route /contact [] []
[2017-01-25 13:16:34] myapp.DEBUG: $this->app->get('/contact', '\Itb\MainController::contactAction'); [] []
[2017-01-25 13:16:34] myapp.DEBUG: adding get route /hello/{name} [] []
[2017-01-25 13:16:34] myapp.DEBUG: $this->app->get('/hello/{name}', '\Itb\HelloController::nameAction'); [] []
[2017-01-25 13:16:34] myapp.DEBUG: adding get route /hello/ [] []
[2017-01-25 13:16:34] myapp.DEBUG: $this->app->get('/hello/', '\Itb\HelloController::indexAction'); [] []
[2017-01-25 13:16:34] myapp.DEBUG: adding get route /login [] []
[2017-01-25 13:16:34] myapp.DEBUG: $this->app->get('/login', '\Itb\LoginController::loginAction'); [] []
[2017-01-25 13:16:34] myapp.ERROR: Symfony\Component\HttpKernel\Exception\NotFoundHttpException: No route found for "GET /sdfg" (uncaught exception) at /Users/matt/Library/Mobile Documents/com~apple~CloudDocs/91_UNITS/UNITS_web_server/unit_27_MVC_C_controller/1_code/examples/silex-06-routes-from-yaml/vendor/symfony/http-kernel/EventListener/RouterListener.php line 159 {"exception":"[object] (Symfony\\Component\\HttpKernel\\Exception\\NotFoundHttpException(code: 0): No route found for \"GET /sdfg\" at /Users/matt/Library/Mobile Documents/com~apple~CloudDocs/91_UNITS/UNITS_web_server/unit_27_MVC_C_controller/1_code/examples/silex-06-routes-from-yaml/vendor/symfony/http-kernel/EventListener/RouterListener.php:159, Symfony\\Component\\Routing\\Exception\\ResourceNotFoundException(code: 0): No routes found for \"/sdfg\". at /Users/matt/Library/Mobile Documents/com~apple~CloudDocs/91_UNITS/UNITS_web_server/unit_27_MVC_C_controller/1_code/examples/silex-06-routes-from-yaml/vendor/symfony/routing/Matcher/UrlMatcher.php:102)"} []
[2017-01-25 13:16:34] myapp.INFO: < 404 [] []
[2017-01-25 13:16:37] myapp.DEBUG: adding get route / [] []
[2017-01-25 13:16:37] myapp.DEBUG: $this->app->get('/', '\Itb\MainController::indexAction'); [] []
[2017-01-25 13:16:37] myapp.DEBUG: adding get route /contact [] []
[2017-01-25 13:16:37] myapp.DEBUG: $this->app->get('/contact', '\Itb\MainController::contactAction'); [] []
[2017-01-25 13:16:37] myapp.DEBUG: adding get route /hello/{name} [] []
[2017-01-25 13:16:37] myapp.DEBUG: $this->app->get('/hello/{name}', '\Itb\HelloController::nameAction'); [] []
[2017-01-25 13:16:37] myapp.DEBUG: adding get route /hello/ [] []
[2017-01-25 13:16:37] myapp.DEBUG: $this->app->get('/hello/', '\Itb\HelloController::indexAction'); [] []
[2017-01-25 13:16:37] myapp.DEBUG: adding get route /login [] []
[2017-01-25 13:16:37] myapp.DEBUG: $this->app->get('/login', '\Itb\LoginController::loginAction'); [] []
[2017-01-25 13:16:37] myapp.INFO: Matched route "GET_". {"route_parameters":{"_controller":"\\Itb\\MainController::indexAction","_route":"GET_"},"request_uri":"http://localhost:8888/"} []
[2017-01-25 13:16:37] myapp.INFO: > GET / [] []
[2017-01-25 13:16:37] myapp.INFO: < 200 [] []
[2017-01-25 13:18:35] myapp.DEBUG: adding get route / [] []
[2017-01-25 13:18:35] myapp.DEBUG: $this->app->get('/', '\Itb\MainController::indexAction'); [] []
[2017-01-25 13:18:35] myapp.DEBUG: adding get route /contact [] []
[2017-01-25 13:18:35] myapp.DEBUG: $this->app->get('/contact', '\Itb\MainController::contactAction'); [] []
[2017-01-25 13:18:35] myapp.DEBUG: adding get route /hello/{name} [] []
[2017-01-25 13:18:35] myapp.DEBUG: $this->app->get('/hello/{name}', '\Itb\HelloController::nameAction'); [] []
[2017-01-25 13:18:35] myapp.DEBUG: adding get route /hello/ [] []
[2017-01-25 13:18:35] myapp.DEBUG: $this->app->get('/hello/', '\Itb\HelloController::indexAction'); [] []
[2017-01-25 13:18:35] myapp.DEBUG: adding get route /login [] []
[2017-01-25 13:18:35] myapp.DEBUG: $this->app->get('/login', '\Itb\LoginController::loginAction'); [] []
[2017-01-25 13:18:36] myapp.INFO: Matched route "GET_". {"route_parameters":{"_controller":"\\Itb\\MainController::indexAction","_route":"GET_"},"request_uri":"http://localhost:8888/"} []
[2017-01-25 13:18:36] myapp.INFO: > GET / [] []
[2017-01-25 13:18:36] myapp.INFO: < 200 [] []
[2017-01-25 13:18:37] myapp.DEBUG: adding get route / [] []
[2017-01-25 13:18:37] myapp.DEBUG: $this->app->get('/', '\Itb\MainController::indexAction'); [] []
[2017-01-25 13:18:37] myapp.DEBUG: adding get route /contact [] []
[2017-01-25 13:18:37] myapp.DEBUG: $this->app->get('/contact', '\Itb\MainController::contactAction'); [] []
[2017-01-25 13:18:37] myapp.DEBUG: adding get route /hello/{name} [] []
[2017-01-25 13:18:37] myapp.DEBUG: $this->app->get('/hello/{name}', '\Itb\HelloController::nameAction'); [] []
[2017-01-25 13:18:37] myapp.DEBUG: adding get route /hello/ [] []
[2017-01-25 13:18:37] myapp.DEBUG: $this->app->get('/hello/', '\Itb\HelloController::indexAction'); [] []
[2017-01-25 13:18:37] myapp.DEBUG: adding get route /login [] []
[2017-01-25 13:18:37] myapp.DEBUG: $this->app->get('/login', '\Itb\LoginController::loginAction'); [] []
[2017-01-25 13:18:37] myapp.ERROR: Symfony\Component\HttpKernel\Exception\NotFoundHttpException: No route found for "GET /sdfg" (uncaught exception) at /Users/matt/Library/Mobile Documents/com~apple~CloudDocs/91_UNITS/UNITS_web_server/unit_27_MVC_C_controller/1_code/examples/silex-06-routes-from-yaml/vendor/symfony/http-kernel/EventListener/RouterListener.php line 159 {"exception":"[object] (Symfony\\Component\\HttpKernel\\Exception\\NotFoundHttpException(code: 0): No route found for \"GET /sdfg\" at /Users/matt/Library/Mobile Documents/com~apple~CloudDocs/91_UNITS/UNITS_web_server/unit_27_MVC_C_controller/1_code/examples/silex-06-routes-from-yaml/vendor/symfony/http-kernel/EventListener/RouterListener.php:159, Symfony\\Component\\Routing\\Exception\\ResourceNotFoundException(code: 0): No routes found for \"/sdfg\". at /Users/matt/Library/Mobile Documents/com~apple~CloudDocs/91_UNITS/UNITS_web_server/unit_27_MVC_C_controller/1_code/examples/silex-06-routes-from-yaml/vendor/symfony/routing/Matcher/UrlMatcher.php:102)"} []
[2017-01-25 13:18:37] myapp.INFO: < 404 [] []
[2017-01-25 13:18:46] myapp.DEBUG: adding get route / [] []
[2017-01-25 13:18:46] myapp.DEBUG: $this->app->get('/', '\Itb\MainController::indexAction'); [] []
[2017-01-25 13:18:46] myapp.DEBUG: adding get route /contact [] []
[2017-01-25 13:18:46] myapp.DEBUG: $this->app->get('/contact', '\Itb\MainController::contactAction'); [] []
[2017-01-25 13:18:46] myapp.DEBUG: adding get route /hello/{name} [] []
[2017-01-25 13:18:46] myapp.DEBUG: $this->app->get('/hello/{name}', '\Itb\HelloController::nameAction'); [] []
[2017-01-25 13:18:46] myapp.DEBUG: adding get route /hello/ [] []
[2017-01-25 13:18:46] myapp.DEBUG: $this->app->get('/hello/', '\Itb\HelloController::indexAction'); [] []
[2017-01-25 13:18:46] myapp.DEBUG: adding get route /login [] []
[2017-01-25 13:18:46] myapp.DEBUG: $this->app->get('/login', '\Itb\LoginController::loginAction'); [] []
[2017-01-25 13:18:46] myapp.ERROR: Symfony\Component\HttpKernel\Exception\NotFoundHttpException: No route found for "GET /sdfg" (uncaught exception) at /Users/matt/Library/Mobile Documents/com~apple~CloudDocs/91_UNITS/UNITS_web_server/unit_27_MVC_C_controller/1_code/examples/silex-06-routes-from-yaml/vendor/symfony/http-kernel/EventListener/RouterListener.php line 159 {"exception":"[object] (Symfony\\Component\\HttpKernel\\Exception\\NotFoundHttpException(code: 0): No route found for \"GET /sdfg\" at /Users/matt/Library/Mobile Documents/com~apple~CloudDocs/91_UNITS/UNITS_web_server/unit_27_MVC_C_controller/1_code/examples/silex-06-routes-from-yaml/vendor/symfony/http-kernel/EventListener/RouterListener.php:159, Symfony\\Component\\Routing\\Exception\\ResourceNotFoundException(code: 0): No routes found for \"/sdfg\". at /Users/matt/Library/Mobile Documents/com~apple~CloudDocs/91_UNITS/UNITS_web_server/unit_27_MVC_C_controller/1_code/examples/silex-06-routes-from-yaml/vendor/symfony/routing/Matcher/UrlMatcher.php:102)"} []
[2017-01-25 13:20:43] myapp.DEBUG: adding get route / [] []
[2017-01-25 13:20:43] myapp.DEBUG: $this->app->get('/', '\Itb\MainController::indexAction'); [] []
[2017-01-25 13:20:43] myapp.DEBUG: adding get route /contact [] []
[2017-01-25 13:20:43] myapp.DEBUG: $this->app->get('/contact', '\Itb\MainController::contactAction'); [] []
[2017-01-25 13:20:43] myapp.DEBUG: adding get route /hello/{name} [] []
[2017-01-25 13:20:43] myapp.DEBUG: $this->app->get('/hello/{name}', '\Itb\HelloController::nameAction'); [] []
[2017-01-25 13:20:43] myapp.DEBUG: adding get route /hello/ [] []
[2017-01-25 13:20:43] myapp.DEBUG: $this->app->get('/hello/', '\Itb\HelloController::indexAction'); [] []
[2017-01-25 13:20:43] myapp.DEBUG: adding get route /login [] []
[2017-01-25 13:20:43] myapp.DEBUG: $this->app->get('/login', '\Itb\LoginController::loginAction'); [] []
[2017-01-25 13:20:44] myapp.DEBUG: adding get route / [] []
[2017-01-25 13:20:44] myapp.DEBUG: $this->app->get('/', '\Itb\MainController::indexAction'); [] []
[2017-01-25 13:20:44] myapp.DEBUG: adding get route /contact [] []
[2017-01-25 13:20:44] myapp.DEBUG: $this->app->get('/contact', '\Itb\MainController::contactAction'); [] []
[2017-01-25 13:20:44] myapp.DEBUG: adding get route /hello/{name} [] []
[2017-01-25 13:20:44] myapp.DEBUG: $this->app->get('/hello/{name}', '\Itb\HelloController::nameAction'); [] []
[2017-01-25 13:20:44] myapp.DEBUG: adding get route /hello/ [] []
[2017-01-25 13:20:44] myapp.DEBUG: $this->app->get('/hello/', '\Itb\HelloController::indexAction'); [] []
[2017-01-25 13:20:44] myapp.DEBUG: adding get route /login [] []
[2017-01-25 13:20:44] myapp.DEBUG: $this->app->get('/login', '\Itb\LoginController::loginAction'); [] []
[2017-01-25 13:20:54] myapp.DEBUG: adding get route / [] []
[2017-01-25 13:20:54] myapp.DEBUG: $this->app->get('/', '\Itb\MainController::indexAction'); [] []
[2017-01-25 13:20:54] myapp.DEBUG: adding get route /contact [] []
[2017-01-25 13:20:54] myapp.DEBUG: $this->app->get('/contact', '\Itb\MainController::contactAction'); [] []
[2017-01-25 13:20:54] myapp.DEBUG: adding get route /hello/{name} [] []
[2017-01-25 13:20:54] myapp.DEBUG: $this->app->get('/hello/{name}', '\Itb\HelloController::nameAction'); [] []
[2017-01-25 13:20:54] myapp.DEBUG: adding get route /hello/ [] []
[2017-01-25 13:20:54] myapp.DEBUG: $this->app->get('/hello/', '\Itb\HelloController::indexAction'); [] []
[2017-01-25 13:20:54] myapp.DEBUG: adding get route /login [] []
[2017-01-25 13:20:54] myapp.DEBUG: $this->app->get('/login', '\Itb\LoginController::loginAction'); [] []
[2017-01-25 13:20:54] myapp.INFO: Matched route "GET_". {"route_parameters":{"_controller":"\\Itb\\MainController::indexAction","_route":"GET_"},"request_uri":"http://localhost:8888/"} []
[2017-01-25 13:20:54] myapp.INFO: > GET / [] []
[2017-01-25 13:20:54] myapp.INFO: < 200 [] []
[2017-01-25 13:20:54] myapp.DEBUG: adding get route / [] []
[2017-01-25 13:20:54] myapp.DEBUG: $this->app->get('/', '\Itb\MainController::indexAction'); [] []
[2017-01-25 13:20:54] myapp.DEBUG: adding get route /contact [] []
[2017-01-25 13:20:54] myapp.DEBUG: $this->app->get('/contact', '\Itb\MainController::contactAction'); [] []
[2017-01-25 13:20:54] myapp.DEBUG: adding get route /hello/{name} [] []
[2017-01-25 13:20:54] myapp.DEBUG: $this->app->get('/hello/{name}', '\Itb\HelloController::nameAction'); [] []
[2017-01-25 13:20:54] myapp.DEBUG: adding get route /hello/ [] []
[2017-01-25 13:20:54] myapp.DEBUG: $this->app->get('/hello/', '\Itb\HelloController::indexAction'); [] []
[2017-01-25 13:20:54] myapp.DEBUG: adding get route /login [] []
[2017-01-25 13:20:54] myapp.DEBUG: $this->app->get('/login', '\Itb\LoginController::loginAction'); [] []
[2017-01-25 13:20:54] myapp.INFO: Matched route "GET_". {"route_parameters":{"_controller":"\\Itb\\MainController::indexAction","_route":"GET_"},"request_uri":"http://localhost:8888/"} []
[2017-01-25 13:20:54] myapp.INFO: > GET / [] []
[2017-01-25 13:20:54] myapp.INFO: < 200 [] []
[2017-01-25 13:20:56] myapp.DEBUG: adding get route / [] []
[2017-01-25 13:20:56] myapp.DEBUG: $this->app->get('/', '\Itb\MainController::indexAction'); [] []
[2017-01-25 13:20:56] myapp.DEBUG: adding get route /contact [] []
[2017-01-25 13:20:56] myapp.DEBUG: $this->app->get('/contact', '\Itb\MainController::contactAction'); [] []
[2017-01-25 13:20:56] myapp.DEBUG: adding get route /hello/{name} [] []
[2017-01-25 13:20:56] myapp.DEBUG: $this->app->get('/hello/{name}', '\Itb\HelloController::nameAction'); [] []
[2017-01-25 13:20:56] myapp.DEBUG: adding get route /hello/ [] []
[2017-01-25 13:20:56] myapp.DEBUG: $this->app->get('/hello/', '\Itb\HelloController::indexAction'); [] []
[2017-01-25 13:20:56] myapp.DEBUG: adding get route /login [] []
[2017-01-25 13:20:56] myapp.DEBUG: $this->app->get('/login', '\Itb\LoginController::loginAction'); [] []
[2017-01-25 13:20:56] myapp.ERROR: Symfony\Component\HttpKernel\Exception\NotFoundHttpException: No route found for "GET /matt" (uncaught exception) at /Users/matt/Library/Mobile Documents/com~apple~CloudDocs/91_UNITS/UNITS_web_server/unit_27_MVC_C_controller/1_code/examples/silex-06-routes-from-yaml/vendor/symfony/http-kernel/EventListener/RouterListener.php line 159 {"exception":"[object] (Symfony\\Component\\HttpKernel\\Exception\\NotFoundHttpException(code: 0): No route found for \"GET /matt\" at /Users/matt/Library/Mobile Documents/com~apple~CloudDocs/91_UNITS/UNITS_web_server/unit_27_MVC_C_controller/1_code/examples/silex-06-routes-from-yaml/vendor/symfony/http-kernel/EventListener/RouterListener.php:159, Symfony\\Component\\Routing\\Exception\\ResourceNotFoundException(code: 0): No routes found for \"/matt\". at /Users/matt/Library/Mobile Documents/com~apple~CloudDocs/91_UNITS/UNITS_web_server/unit_27_MVC_C_controller/1_code/examples/silex-06-routes-from-yaml/vendor/symfony/routing/Matcher/UrlMatcher.php:102)"} []
[2017-01-25 13:21:18] myapp.DEBUG: adding get route / [] []
[2017-01-25 13:21:18] myapp.DEBUG: $this->app->get('/', '\Itb\MainController::indexAction'); [] []
[2017-01-25 13:21:18] myapp.DEBUG: adding get route /contact [] []
[2017-01-25 13:21:18] myapp.DEBUG: $this->app->get('/contact', '\Itb\MainController::contactAction'); [] []
[2017-01-25 13:21:18] myapp.DEBUG: adding get route /hello/{name} [] []
[2017-01-25 13:21:18] myapp.DEBUG: $this->app->get('/hello/{name}', '\Itb\HelloController::nameAction'); [] []
[2017-01-25 13:21:18] myapp.DEBUG: adding get route /hello/ [] []
[2017-01-25 13:21:18] myapp.DEBUG: $this->app->get('/hello/', '\Itb\HelloController::indexAction'); [] []
[2017-01-25 13:21:18] myapp.DEBUG: adding get route /login [] []
[2017-01-25 13:21:18] myapp.DEBUG: $this->app->get('/login', '\Itb\LoginController::loginAction'); [] []
[2017-01-25 13:21:18] myapp.ERROR: Symfony\Component\HttpKernel\Exception\NotFoundHttpException: No route found for "GET /matt" (uncaught exception) at /Users/matt/Library/Mobile Documents/com~apple~CloudDocs/91_UNITS/UNITS_web_server/unit_27_MVC_C_controller/1_code/examples/silex-06-routes-from-yaml/vendor/symfony/http-kernel/EventListener/RouterListener.php line 159 {"exception":"[object] (Symfony\\Component\\HttpKernel\\Exception\\NotFoundHttpException(code: 0): No route found for \"GET /matt\" at /Users/matt/Library/Mobile Documents/com~apple~CloudDocs/91_UNITS/UNITS_web_server/unit_27_MVC_C_controller/1_code/examples/silex-06-routes-from-yaml/vendor/symfony/http-kernel/EventListener/RouterListener.php:159, Symfony\\Component\\Routing\\Exception\\ResourceNotFoundException(code: 0): No routes found for \"/matt\". at /Users/matt/Library/Mobile Documents/com~apple~CloudDocs/91_UNITS/UNITS_web_server/unit_27_MVC_C_controller/1_code/examples/silex-06-routes-from-yaml/vendor/symfony/routing/Matcher/UrlMatcher.php:102)"} []
[2017-01-25 13:21:18] myapp.INFO: < 404 [] []
[2017-01-25 13:21:22] myapp.DEBUG: adding get route / [] []
[2017-01-25 13:21:22] myapp.DEBUG: $this->app->get('/', '\Itb\MainController::indexAction'); [] []
[2017-01-25 13:21:22] myapp.DEBUG: adding get route /contact [] []
[2017-01-25 13:21:22] myapp.DEBUG: $this->app->get('/contact', '\Itb\MainController::contactAction'); [] []
[2017-01-25 13:21:22] myapp.DEBUG: adding get route /hello/{name} [] []
[2017-01-25 13:21:22] myapp.DEBUG: $this->app->get('/hello/{name}', '\Itb\HelloController::nameAction'); [] []
[2017-01-25 13:21:22] myapp.DEBUG: adding get route /hello/ [] []
[2017-01-25 13:21:22] myapp.DEBUG: $this->app->get('/hello/', '\Itb\HelloController::indexAction'); [] []
[2017-01-25 13:21:22] myapp.DEBUG: adding get route /login [] []
[2017-01-25 13:21:22] myapp.DEBUG: $this->app->get('/login', '\Itb\LoginController::loginAction'); [] []
[2017-01-25 13:21:22] myapp.ERROR: Symfony\Component\HttpKernel\Exception\NotFoundHttpException: No route found for "GET /matt/dfg" (uncaught exception) at /Users/matt/Library/Mobile Documents/com~apple~CloudDocs/91_UNITS/UNITS_web_server/unit_27_MVC_C_controller/1_code/examples/silex-06-routes-from-yaml/vendor/symfony/http-kernel/EventListener/RouterListener.php line 159 {"exception":"[object] (Symfony\\Component\\HttpKernel\\Exception\\NotFoundHttpException(code: 0): No route found for \"GET /matt/dfg\" at /Users/matt/Library/Mobile Documents/com~apple~CloudDocs/91_UNITS/UNITS_web_server/unit_27_MVC_C_controller/1_code/examples/silex-06-routes-from-yaml/vendor/symfony/http-kernel/EventListener/RouterListener.php:159, Symfony\\Component\\Routing\\Exception\\ResourceNotFoundException(code: 0): No routes found for \"/matt/dfg\". at /Users/matt/Library/Mobile Documents/com~apple~CloudDocs/91_UNITS/UNITS_web_server/unit_27_MVC_C_controller/1_code/examples/silex-06-routes-from-yaml/vendor/symfony/routing/Matcher/UrlMatcher.php:102)"} []
[2017-01-25 13:21:22] myapp.INFO: < 404 [] []
[2017-01-25 13:21:30] myapp.DEBUG: adding get route / [] []
[2017-01-25 13:21:30] myapp.DEBUG: $this->app->get('/', '\Itb\MainController::indexAction'); [] []
[2017-01-25 13:21:30] myapp.DEBUG: adding get route /contact [] []
[2017-01-25 13:21:30] myapp.DEBUG: $this->app->get('/contact', '\Itb\MainController::contactAction'); [] []
[2017-01-25 13:21:30] myapp.DEBUG: adding get route /hello/{name} [] []
[2017-01-25 13:21:30] myapp.DEBUG: $this->app->get('/hello/{name}', '\Itb\HelloController::nameAction'); [] []
[2017-01-25 13:21:30] myapp.DEBUG: adding get route /hello/ [] []
[2017-01-25 13:21:30] myapp.DEBUG: $this->app->get('/hello/', '\Itb\HelloController::indexAction'); [] []
[2017-01-25 13:21:30] myapp.DEBUG: adding get route /login [] []
[2017-01-25 13:21:30] myapp.DEBUG: $this->app->get('/login', '\Itb\LoginController::loginAction'); [] []
[2017-01-25 13:21:30] myapp.INFO: Matched route "n/a". {"route_parameters":{"_controller":"[object] (Closure: {})","_route":null,"url":"/hello/"},"request_uri":"http://localhost:8888/hello"} []
[2017-01-25 13:21:30] myapp.INFO: > GET /hello [] []
[2017-01-25 13:21:30] myapp.INFO: < 301 /hello/ [] []
[2017-01-25 13:21:30] myapp.DEBUG: adding get route / [] []
[2017-01-25 13:21:30] myapp.DEBUG: $this->app->get('/', '\Itb\MainController::indexAction'); [] []
[2017-01-25 13:21:30] myapp.DEBUG: adding get route /contact [] []
[2017-01-25 13:21:30] myapp.DEBUG: $this->app->get('/contact', '\Itb\MainController::contactAction'); [] []
[2017-01-25 13:21:30] myapp.DEBUG: adding get route /hello/{name} [] []
[2017-01-25 13:21:30] myapp.DEBUG: $this->app->get('/hello/{name}', '\Itb\HelloController::nameAction'); [] []
[2017-01-25 13:21:30] myapp.DEBUG: adding get route /hello/ [] []
[2017-01-25 13:21:30] myapp.DEBUG: $this->app->get('/hello/', '\Itb\HelloController::indexAction'); [] []
[2017-01-25 13:21:30] myapp.DEBUG: adding get route /login [] []
[2017-01-25 13:21:30] myapp.DEBUG: $this->app->get('/login', '\Itb\LoginController::loginAction'); [] []
[2017-01-25 13:21:30] myapp.INFO: Matched route "GET_hello_". {"route_parameters":{"_controller":"\\Itb\\HelloController::indexAction","_route":"GET_hello_"},"request_uri":"http://localhost:8888/hello/"} []
[2017-01-25 13:21:30] myapp.INFO: > GET /hello/ [] []
[2017-01-25 13:21:30] myapp.INFO: < 200 [] []
[2017-01-25 13:21:32] myapp.DEBUG: adding get route / [] []
[2017-01-25 13:21:32] myapp.DEBUG: $this->app->get('/', '\Itb\MainController::indexAction'); [] []
[2017-01-25 13:21:32] myapp.DEBUG: adding get route /contact [] []
[2017-01-25 13:21:32] myapp.DEBUG: $this->app->get('/contact', '\Itb\MainController::contactAction'); [] []
[2017-01-25 13:21:32] myapp.DEBUG: adding get route /hello/{name} [] []
[2017-01-25 13:21:32] myapp.DEBUG: $this->app->get('/hello/{name}', '\Itb\HelloController::nameAction'); [] []
[2017-01-25 13:21:32] myapp.DEBUG: adding get route /hello/ [] []
[2017-01-25 13:21:32] myapp.DEBUG: $this->app->get('/hello/', '\Itb\HelloController::indexAction'); [] []
[2017-01-25 13:21:32] myapp.DEBUG: adding get route /login [] []
[2017-01-25 13:21:32] myapp.DEBUG: $this->app->get('/login', '\Itb\LoginController::loginAction'); [] []
[2017-01-25 13:21:32] myapp.INFO: Matched route "GET_hello_name". {"route_parameters":{"_controller":"\\Itb\\HelloController::nameAction","name":"fred","_route":"GET_hello_name"},"request_uri":"http://localhost:8888/hello/fred"} []
[2017-01-25 13:21:32] myapp.INFO: > GET /hello/fred [] []
[2017-01-25 13:21:32] myapp.INFO: < 200 [] []
