[2017-01-25 12:50:42] myapp.DEBUG: adding get route / [] []
[2017-01-25 12:50:42] myapp.DEBUG: $this->app->get('/', '\Itb\MainController::indexAction'); [] []
[2017-01-25 12:50:42] myapp.DEBUG: adding get route /contact [] []
[2017-01-25 12:50:42] myapp.DEBUG: $this->app->get('/contact', '\Itb\MainController::contactAction'); [] []
[2017-01-25 12:50:42] myapp.DEBUG: adding get route /hello/{name} [] []
[2017-01-25 12:50:42] myapp.DEBUG: $this->app->get('/hello/{name}', '\Itb\HelloController::helloAction'); [] []
[2017-01-25 12:50:42] myapp.DEBUG: adding get route /hello/ [] []
[2017-01-25 12:50:42] myapp.DEBUG: $this->app->get('/hello/', '\Itb\HelloController::indexAction'); [] []
[2017-01-25 12:50:42] myapp.DEBUG: adding get route /login [] []
[2017-01-25 12:50:42] myapp.DEBUG: $this->app->get('/login', '\Itb\LoginController::loginAction'); [] []
[2017-01-25 12:50:42] myapp.ERROR: Symfony\Component\HttpKernel\Exception\NotFoundHttpException: No route found for "GET /matt" (uncaught exception) at /Users/matt/Library/Mobile Documents/com~apple~CloudDocs/91_UNITS/UNITS_web_server/unit_27_MVC_C_controller/1_code/examples/silex-06b-route-services-from-yaml/vendor/symfony/http-kernel/EventListener/RouterListener.php line 159 {"exception":"[object] (Symfony\\Component\\HttpKernel\\Exception\\NotFoundHttpException(code: 0): No route found for \"GET /matt\" at /Users/matt/Library/Mobile Documents/com~apple~CloudDocs/91_UNITS/UNITS_web_server/unit_27_MVC_C_controller/1_code/examples/silex-06b-route-services-from-yaml/vendor/symfony/http-kernel/EventListener/RouterListener.php:159, Symfony\\Component\\Routing\\Exception\\ResourceNotFoundException(code: 0): No routes found for \"/matt\". at /Users/matt/Library/Mobile Documents/com~apple~CloudDocs/91_UNITS/UNITS_web_server/unit_27_MVC_C_controller/1_code/examples/silex-06b-route-services-from-yaml/vendor/symfony/routing/Matcher/UrlMatcher.php:102)"} []
[2017-01-25 12:50:42] myapp.INFO: < 404 [] []
[2017-01-25 12:50:56] myapp.DEBUG: adding get route / [] []
[2017-01-25 12:50:56] myapp.DEBUG: $this->app->get('/', '\Itb\MainController::indexAction'); [] []
[2017-01-25 12:50:56] myapp.DEBUG: adding get route /contact [] []
[2017-01-25 12:50:56] myapp.DEBUG: $this->app->get('/contact', '\Itb\MainController::contactAction'); [] []
[2017-01-25 12:50:56] myapp.DEBUG: adding get route /hello/{name} [] []
[2017-01-25 12:50:56] myapp.DEBUG: $this->app->get('/hello/{name}', '\Itb\HelloController::helloAction'); [] []
[2017-01-25 12:50:56] myapp.DEBUG: adding get route /hello/ [] []
[2017-01-25 12:50:56] myapp.DEBUG: $this->app->get('/hello/', '\Itb\HelloController::indexAction'); [] []
[2017-01-25 12:50:56] myapp.DEBUG: adding get route /login [] []
[2017-01-25 12:50:56] myapp.DEBUG: $this->app->get('/login', '\Itb\LoginController::loginAction'); [] []
[2017-01-25 12:50:56] myapp.ERROR: Symfony\Component\HttpKernel\Exception\NotFoundHttpException: No route found for "GET /matt" (uncaught exception) at /Users/matt/Library/Mobile Documents/com~apple~CloudDocs/91_UNITS/UNITS_web_server/unit_27_MVC_C_controller/1_code/examples/silex-06b-route-services-from-yaml/vendor/symfony/http-kernel/EventListener/RouterListener.php line 159 {"exception":"[object] (Symfony\\Component\\HttpKernel\\Exception\\NotFoundHttpException(code: 0): No route found for \"GET /matt\" at /Users/matt/Library/Mobile Documents/com~apple~CloudDocs/91_UNITS/UNITS_web_server/unit_27_MVC_C_controller/1_code/examples/silex-06b-route-services-from-yaml/vendor/symfony/http-kernel/EventListener/RouterListener.php:159, Symfony\\Component\\Routing\\Exception\\ResourceNotFoundException(code: 0): No routes found for \"/matt\". at /Users/matt/Library/Mobile Documents/com~apple~CloudDocs/91_UNITS/UNITS_web_server/unit_27_MVC_C_controller/1_code/examples/silex-06b-route-services-from-yaml/vendor/symfony/routing/Matcher/UrlMatcher.php:102)"} []
[2017-01-25 12:50:56] myapp.INFO: < 404 [] []
[2017-01-25 12:50:58] myapp.DEBUG: adding get route / [] []
[2017-01-25 12:50:58] myapp.DEBUG: $this->app->get('/', '\Itb\MainController::indexAction'); [] []
[2017-01-25 12:50:58] myapp.DEBUG: adding get route /contact [] []
[2017-01-25 12:50:58] myapp.DEBUG: $this->app->get('/contact', '\Itb\MainController::contactAction'); [] []
[2017-01-25 12:50:58] myapp.DEBUG: adding get route /hello/{name} [] []
[2017-01-25 12:50:58] myapp.DEBUG: $this->app->get('/hello/{name}', '\Itb\HelloController::helloAction'); [] []
[2017-01-25 12:50:58] myapp.DEBUG: adding get route /hello/ [] []
[2017-01-25 12:50:58] myapp.DEBUG: $this->app->get('/hello/', '\Itb\HelloController::indexAction'); [] []
[2017-01-25 12:50:58] myapp.DEBUG: adding get route /login [] []
[2017-01-25 12:50:58] myapp.DEBUG: $this->app->get('/login', '\Itb\LoginController::loginAction'); [] []
[2017-01-25 12:50:58] myapp.ERROR: Symfony\Component\HttpKernel\Exception\NotFoundHttpException: No route found for "GET /matt/" (uncaught exception) at /Users/matt/Library/Mobile Documents/com~apple~CloudDocs/91_UNITS/UNITS_web_server/unit_27_MVC_C_controller/1_code/examples/silex-06b-route-services-from-yaml/vendor/symfony/http-kernel/EventListener/RouterListener.php line 159 {"exception":"[object] (Symfony\\Component\\HttpKernel\\Exception\\NotFoundHttpException(code: 0): No route found for \"GET /matt/\" at /Users/matt/Library/Mobile Documents/com~apple~CloudDocs/91_UNITS/UNITS_web_server/unit_27_MVC_C_controller/1_code/examples/silex-06b-route-services-from-yaml/vendor/symfony/http-kernel/EventListener/RouterListener.php:159, Symfony\\Component\\Routing\\Exception\\ResourceNotFoundException(code: 0): No routes found for \"/matt/\". at /Users/matt/Library/Mobile Documents/com~apple~CloudDocs/91_UNITS/UNITS_web_server/unit_27_MVC_C_controller/1_code/examples/silex-06b-route-services-from-yaml/vendor/symfony/routing/Matcher/UrlMatcher.php:102)"} []
[2017-01-25 12:50:58] myapp.INFO: < 404 [] []
[2017-01-25 12:51:02] myapp.DEBUG: adding get route / [] []
[2017-01-25 12:51:02] myapp.DEBUG: $this->app->get('/', '\Itb\MainController::indexAction'); [] []
[2017-01-25 12:51:02] myapp.DEBUG: adding get route /contact [] []
[2017-01-25 12:51:02] myapp.DEBUG: $this->app->get('/contact', '\Itb\MainController::contactAction'); [] []
[2017-01-25 12:51:02] myapp.DEBUG: adding get route /hello/{name} [] []
[2017-01-25 12:51:02] myapp.DEBUG: $this->app->get('/hello/{name}', '\Itb\HelloController::helloAction'); [] []
[2017-01-25 12:51:02] myapp.DEBUG: adding get route /hello/ [] []
[2017-01-25 12:51:02] myapp.DEBUG: $this->app->get('/hello/', '\Itb\HelloController::indexAction'); [] []
[2017-01-25 12:51:02] myapp.DEBUG: adding get route /login [] []
[2017-01-25 12:51:02] myapp.DEBUG: $this->app->get('/login', '\Itb\LoginController::loginAction'); [] []
[2017-01-25 12:51:02] myapp.ERROR: Symfony\Component\HttpKernel\Exception\NotFoundHttpException: No route found for "GET /matt" (uncaught exception) at /Users/matt/Library/Mobile Documents/com~apple~CloudDocs/91_UNITS/UNITS_web_server/unit_27_MVC_C_controller/1_code/examples/silex-06b-route-services-from-yaml/vendor/symfony/http-kernel/EventListener/RouterListener.php line 159 {"exception":"[object] (Symfony\\Component\\HttpKernel\\Exception\\NotFoundHttpException(code: 0): No route found for \"GET /matt\" at /Users/matt/Library/Mobile Documents/com~apple~CloudDocs/91_UNITS/UNITS_web_server/unit_27_MVC_C_controller/1_code/examples/silex-06b-route-services-from-yaml/vendor/symfony/http-kernel/EventListener/RouterListener.php:159, Symfony\\Component\\Routing\\Exception\\ResourceNotFoundException(code: 0): No routes found for \"/matt\". at /Users/matt/Library/Mobile Documents/com~apple~CloudDocs/91_UNITS/UNITS_web_server/unit_27_MVC_C_controller/1_code/examples/silex-06b-route-services-from-yaml/vendor/symfony/routing/Matcher/UrlMatcher.php:102)"} []
[2017-01-25 12:51:02] myapp.INFO: < 404 [] []
[2017-01-25 12:51:30] myapp.DEBUG: adding get route / [] []
[2017-01-25 12:51:30] myapp.DEBUG: $this->app->get('/', '\Itb\MainController::indexAction'); [] []
[2017-01-25 12:51:30] myapp.DEBUG: adding get route /contact [] []
[2017-01-25 12:51:30] myapp.DEBUG: $this->app->get('/contact', '\Itb\MainController::contactAction'); [] []
[2017-01-25 12:51:30] myapp.DEBUG: adding get route /hello/{name} [] []
[2017-01-25 12:51:30] myapp.DEBUG: $this->app->get('/hello/{name}', '\Itb\HelloController::helloAction'); [] []
[2017-01-25 12:51:30] myapp.DEBUG: adding get route /hello/ [] []
[2017-01-25 12:51:30] myapp.DEBUG: $this->app->get('/hello/', '\Itb\HelloController::indexAction'); [] []
[2017-01-25 12:51:30] myapp.DEBUG: adding get route /login [] []
[2017-01-25 12:51:30] myapp.DEBUG: $this->app->get('/login', '\Itb\LoginController::loginAction'); [] []
[2017-01-25 12:51:30] myapp.INFO: Matched route "n/a". {"route_parameters":{"_controller":"[object] (Closure: {})","_route":null,"url":"/hello/"},"request_uri":"http://localhost:8888/hello"} []
[2017-01-25 12:51:30] myapp.INFO: > GET /hello [] []
[2017-01-25 12:51:30] myapp.INFO: < 301 /hello/ [] []
[2017-01-25 12:51:30] myapp.DEBUG: adding get route / [] []
[2017-01-25 12:51:30] myapp.DEBUG: $this->app->get('/', '\Itb\MainController::indexAction'); [] []
[2017-01-25 12:51:30] myapp.DEBUG: adding get route /contact [] []
[2017-01-25 12:51:30] myapp.DEBUG: $this->app->get('/contact', '\Itb\MainController::contactAction'); [] []
[2017-01-25 12:51:30] myapp.DEBUG: adding get route /hello/{name} [] []
[2017-01-25 12:51:30] myapp.DEBUG: $this->app->get('/hello/{name}', '\Itb\HelloController::helloAction'); [] []
[2017-01-25 12:51:30] myapp.DEBUG: adding get route /hello/ [] []
[2017-01-25 12:51:30] myapp.DEBUG: $this->app->get('/hello/', '\Itb\HelloController::indexAction'); [] []
[2017-01-25 12:51:30] myapp.DEBUG: adding get route /login [] []
[2017-01-25 12:51:30] myapp.DEBUG: $this->app->get('/login', '\Itb\LoginController::loginAction'); [] []
[2017-01-25 12:51:30] myapp.INFO: Matched route "GET_hello_". {"route_parameters":{"_controller":"\\Itb\\HelloController::indexAction","_route":"GET_hello_"},"request_uri":"http://localhost:8888/hello/"} []
[2017-01-25 12:51:30] myapp.INFO: > GET /hello/ [] []
[2017-01-25 12:51:30] myapp.INFO: < 200 [] []
[2017-01-25 12:51:32] myapp.DEBUG: adding get route / [] []
[2017-01-25 12:51:32] myapp.DEBUG: $this->app->get('/', '\Itb\MainController::indexAction'); [] []
[2017-01-25 12:51:32] myapp.DEBUG: adding get route /contact [] []
[2017-01-25 12:51:32] myapp.DEBUG: $this->app->get('/contact', '\Itb\MainController::contactAction'); [] []
[2017-01-25 12:51:32] myapp.DEBUG: adding get route /hello/{name} [] []
[2017-01-25 12:51:32] myapp.DEBUG: $this->app->get('/hello/{name}', '\Itb\HelloController::helloAction'); [] []
[2017-01-25 12:51:32] myapp.DEBUG: adding get route /hello/ [] []
[2017-01-25 12:51:32] myapp.DEBUG: $this->app->get('/hello/', '\Itb\HelloController::indexAction'); [] []
[2017-01-25 12:51:32] myapp.DEBUG: adding get route /login [] []
[2017-01-25 12:51:32] myapp.DEBUG: $this->app->get('/login', '\Itb\LoginController::loginAction'); [] []
[2017-01-25 12:51:32] myapp.INFO: Matched route "GET_hello_name". {"route_parameters":{"_controller":"\\Itb\\HelloController::helloAction","name":"sdfg","_route":"GET_hello_name"},"request_uri":"http://localhost:8888/hello/sdfg"} []
[2017-01-25 12:51:32] myapp.INFO: > GET /hello/sdfg [] []
[2017-01-25 12:51:32] myapp.CRITICAL: InvalidArgumentException: Controller "\Itb\HelloController::helloAction" for URI "/hello/sdfg" is not callable. (uncaught exception) at /Users/matt/Library/Mobile Documents/com~apple~CloudDocs/91_UNITS/UNITS_web_server/unit_27_MVC_C_controller/1_code/examples/silex-06b-route-services-from-yaml/vendor/symfony/http-kernel/Controller/ControllerResolver.php line 83 {"exception":"[object] (InvalidArgumentException(code: 0): Controller \"\\Itb\\HelloController::helloAction\" for URI \"/hello/sdfg\" is not callable. at /Users/matt/Library/Mobile Documents/com~apple~CloudDocs/91_UNITS/UNITS_web_server/unit_27_MVC_C_controller/1_code/examples/silex-06b-route-services-from-yaml/vendor/symfony/http-kernel/Controller/ControllerResolver.php:83)"} []
[2017-01-25 12:51:32] myapp.INFO: < 500 [] []
[2017-01-25 12:51:32] myapp.DEBUG: adding get route / [] []
[2017-01-25 12:51:32] myapp.DEBUG: $this->app->get('/', '\Itb\MainController::indexAction'); [] []
[2017-01-25 12:51:32] myapp.DEBUG: adding get route /contact [] []
[2017-01-25 12:51:32] myapp.DEBUG: $this->app->get('/contact', '\Itb\MainController::contactAction'); [] []
[2017-01-25 12:51:32] myapp.DEBUG: adding get route /hello/{name} [] []
[2017-01-25 12:51:32] myapp.DEBUG: $this->app->get('/hello/{name}', '\Itb\HelloController::helloAction'); [] []
[2017-01-25 12:51:32] myapp.DEBUG: adding get route /hello/ [] []
[2017-01-25 12:51:32] myapp.DEBUG: $this->app->get('/hello/', '\Itb\HelloController::indexAction'); [] []
[2017-01-25 12:51:32] myapp.DEBUG: adding get route /login [] []
[2017-01-25 12:51:32] myapp.DEBUG: $this->app->get('/login', '\Itb\LoginController::loginAction'); [] []
[2017-01-25 12:51:32] myapp.INFO: Matched route "GET_hello_name". {"route_parameters":{"_controller":"\\Itb\\HelloController::helloAction","name":"sdf","_route":"GET_hello_name"},"request_uri":"http://localhost:8888/hello/sdf"} []
[2017-01-25 12:51:32] myapp.INFO: > GET /hello/sdf [] []
[2017-01-25 12:51:32] myapp.CRITICAL: InvalidArgumentException: Controller "\Itb\HelloController::helloAction" for URI "/hello/sdf" is not callable. (uncaught exception) at /Users/matt/Library/Mobile Documents/com~apple~CloudDocs/91_UNITS/UNITS_web_server/unit_27_MVC_C_controller/1_code/examples/silex-06b-route-services-from-yaml/vendor/symfony/http-kernel/Controller/ControllerResolver.php line 83 {"exception":"[object] (InvalidArgumentException(code: 0): Controller \"\\Itb\\HelloController::helloAction\" for URI \"/hello/sdf\" is not callable. at /Users/matt/Library/Mobile Documents/com~apple~CloudDocs/91_UNITS/UNITS_web_server/unit_27_MVC_C_controller/1_code/examples/silex-06b-route-services-from-yaml/vendor/symfony/http-kernel/Controller/ControllerResolver.php:83)"} []
[2017-01-25 12:51:32] myapp.INFO: < 500 [] []
[2017-01-25 12:51:50] myapp.INFO: Matched route "GET_hello_name". {"route_parameters":{"_controller":"Itb\\HelloController::nameAction","name":"sdfg","_route":"GET_hello_name"},"request_uri":"http://localhost:8888/hello/sdfg"} []
[2017-01-25 12:51:50] myapp.INFO: > GET /hello/sdfg [] []
[2017-01-25 12:51:50] myapp.INFO: < 200 [] []
[2017-01-25 12:51:55] myapp.INFO: Matched route "GET_". {"route_parameters":{"_controller":"Itb\\MainController::indexAction","_route":"GET_"},"request_uri":"http://localhost:8888/"} []
[2017-01-25 12:51:55] myapp.INFO: > GET / [] []
[2017-01-25 12:51:55] myapp.INFO: < 200 [] []
[2017-01-25 12:51:58] myapp.ERROR: Symfony\Component\HttpKernel\Exception\NotFoundHttpException: No route found for "GET /about" (uncaught exception) at /Users/matt/Library/Mobile Documents/com~apple~CloudDocs/91_UNITS/UNITS_web_server/unit_27_MVC_C_controller/1_code/examples/silex-06b-route-services-from-yaml/vendor/symfony/http-kernel/EventListener/RouterListener.php line 159 {"exception":"[object] (Symfony\\Component\\HttpKernel\\Exception\\NotFoundHttpException(code: 0): No route found for \"GET /about\" at /Users/matt/Library/Mobile Documents/com~apple~CloudDocs/91_UNITS/UNITS_web_server/unit_27_MVC_C_controller/1_code/examples/silex-06b-route-services-from-yaml/vendor/symfony/http-kernel/EventListener/RouterListener.php:159, Symfony\\Component\\Routing\\Exception\\ResourceNotFoundException(code: 0): No routes found for \"/about\". at /Users/matt/Library/Mobile Documents/com~apple~CloudDocs/91_UNITS/UNITS_web_server/unit_27_MVC_C_controller/1_code/examples/silex-06b-route-services-from-yaml/vendor/symfony/routing/Matcher/UrlMatcher.php:102)"} []
[2017-01-25 12:51:58] myapp.INFO: < 404 [] []
[2017-01-25 12:52:00] myapp.INFO: Matched route "GET_contact". {"route_parameters":{"_controller":"Itb\\MainController::contactAction","_route":"GET_contact"},"request_uri":"http://localhost:8888/contact"} []
[2017-01-25 12:52:00] myapp.INFO: > GET /contact [] []
[2017-01-25 12:52:00] myapp.INFO: < 200 [] []
[2017-01-25 12:52:03] myapp.INFO: Matched route "n/a". {"route_parameters":{"_controller":"[object] (Closure: {})","_route":null,"url":"/matt/"},"request_uri":"http://localhost:8888/matt"} []
[2017-01-25 12:52:03] myapp.INFO: > GET /matt [] []
[2017-01-25 12:52:03] myapp.INFO: < 301 /matt/ [] []
[2017-01-25 12:52:03] myapp.INFO: Matched route "GET_matt_". {"route_parameters":{"_controller":"matt.controller:indexAction","_route":"GET_matt_"},"request_uri":"http://localhost:8888/matt/"} []
[2017-01-25 12:52:03] myapp.INFO: > GET /matt/ [] []
[2017-01-25 12:53:16] myapp.INFO: Matched route "GET_matt_". {"route_parameters":{"_controller":"matt.controller:indexAction","_route":"GET_matt_"},"request_uri":"http://localhost:8888/matt/"} []
[2017-01-25 12:53:16] myapp.INFO: > GET /matt/ [] []
[2017-01-25 12:56:47] myapp.INFO: Matched route "GET_matt_". {"route_parameters":{"_controller":"matt.controller:indexAction","_route":"GET_matt_"},"request_uri":"http://localhost:8888/matt/"} []
[2017-01-25 12:56:47] myapp.INFO: > GET /matt/ [] []
[2017-01-25 12:56:47] myapp.INFO: < 200 [] []
[2017-01-25 12:57:04] myapp.INFO: Matched route "GET_matt_". {"route_parameters":{"_controller":"matt.controller:indexAction","_route":"GET_matt_"},"request_uri":"http://localhost:8888/matt/"} []
[2017-01-25 12:57:04] myapp.INFO: > GET /matt/ [] []
[2017-01-25 12:57:04] myapp.INFO: < 200 [] []
[2017-01-25 12:57:06] myapp.INFO: Matched route "GET_". {"route_parameters":{"_controller":"Itb\\MainController::indexAction","_route":"GET_"},"request_uri":"http://localhost:8888/"} []
[2017-01-25 12:57:06] myapp.INFO: > GET / [] []
[2017-01-25 12:57:06] myapp.INFO: < 200 [] []
[2017-01-25 12:57:10] myapp.INFO: Matched route "GET_hello_name". {"route_parameters":{"_controller":"Itb\\HelloController::nameAction","name":"matt","_route":"GET_hello_name"},"request_uri":"http://localhost:8888/hello/matt"} []
[2017-01-25 12:57:10] myapp.INFO: > GET /hello/matt [] []
[2017-01-25 12:57:10] myapp.INFO: < 200 [] []
[2017-01-25 12:58:46] myapp.INFO: Matched route "GET_hello_name". {"route_parameters":{"_controller":"Itb\\HelloController::nameAction","name":"matt","_route":"GET_hello_name"},"request_uri":"http://localhost:8888/hello/matt"} []
[2017-01-25 12:58:46] myapp.INFO: > GET /hello/matt [] []
[2017-01-25 12:58:46] myapp.INFO: < 200 [] []
[2017-01-25 12:58:51] myapp.INFO: Matched route "n/a". {"route_parameters":{"_controller":"[object] (Closure: {})","_route":null,"url":"/matt/"},"request_uri":"http://localhost:8888/matt"} []
[2017-01-25 12:58:51] myapp.INFO: > GET /matt [] []
[2017-01-25 12:58:51] myapp.INFO: < 301 /matt/ [] []
[2017-01-25 12:58:51] myapp.INFO: Matched route "GET_matt_". {"route_parameters":{"_controller":"matt.controller:indexAction","_route":"GET_matt_"},"request_uri":"http://localhost:8888/matt/"} []
[2017-01-25 12:58:51] myapp.INFO: > GET /matt/ [] []
[2017-01-25 12:58:51] myapp.INFO: < 200 [] []
[2017-01-25 12:58:53] myapp.INFO: Matched route "GET_matt_name". {"route_parameters":{"_controller":"matt.controller:helloAction","name":"dfg","_route":"GET_matt_name"},"request_uri":"http://localhost:8888/matt/dfg"} []
[2017-01-25 12:58:53] myapp.INFO: > GET /matt/dfg [] []
[2017-01-25 12:58:53] myapp.CRITICAL: LogicException: The controller must be a callable (Array(0 => Object(Itb\MattController), 1 => helloAction) given). (uncaught exception) at /Users/matt/Library/Mobile Documents/com~apple~CloudDocs/91_UNITS/UNITS_web_server/unit_27_MVC_C_controller/1_code/examples/silex-06b-route-services-from-yaml/vendor/symfony/http-kernel/Event/FilterControllerEvent.php line 71 {"exception":"[object] (LogicException(code: 0): The controller must be a callable (Array(0 => Object(Itb\\MattController), 1 => helloAction) given). at /Users/matt/Library/Mobile Documents/com~apple~CloudDocs/91_UNITS/UNITS_web_server/unit_27_MVC_C_controller/1_code/examples/silex-06b-route-services-from-yaml/vendor/symfony/http-kernel/Event/FilterControllerEvent.php:71)"} []
[2017-01-25 12:58:53] myapp.INFO: < 500 [] []
[2017-01-25 13:01:53] myapp.INFO: Matched route "GET_matt_name". {"route_parameters":{"_controller":"matt.controller:nameAction","name":"dfg","_route":"GET_matt_name"},"request_uri":"http://localhost:8888/matt/dfg"} []
[2017-01-25 13:01:53] myapp.INFO: > GET /matt/dfg [] []
[2017-01-25 13:01:53] myapp.INFO: < 200 [] []
[2017-01-25 13:02:26] myapp.DEBUG: adding get route / [] []
[2017-01-25 13:02:26] myapp.DEBUG: $this->app->get('/', '\Itb\MainController::indexAction'); [] []
[2017-01-25 13:02:26] myapp.DEBUG: adding get route /contact [] []
[2017-01-25 13:02:26] myapp.DEBUG: $this->app->get('/contact', '\Itb\MainController::contactAction'); [] []
[2017-01-25 13:02:26] myapp.DEBUG: adding get route /hello/{name} [] []
[2017-01-25 13:02:26] myapp.DEBUG: $this->app->get('/hello/{name}', '\Itb\HelloController::nameAction'); [] []
[2017-01-25 13:02:26] myapp.DEBUG: adding get route /hello/ [] []
[2017-01-25 13:02:26] myapp.DEBUG: $this->app->get('/hello/', '\Itb\HelloController::indexAction'); [] []
[2017-01-25 13:02:26] myapp.DEBUG: adding get route /login [] []
[2017-01-25 13:02:26] myapp.DEBUG: $this->app->get('/login', '\Itb\LoginController::loginAction'); [] []
[2017-01-25 13:02:26] myapp.INFO: Matched route "GET_". {"route_parameters":{"_controller":"\\Itb\\MainController::indexAction","_route":"GET_"},"request_uri":"http://localhost:8888/"} []
[2017-01-25 13:02:26] myapp.INFO: > GET / [] []
[2017-01-25 13:02:27] myapp.INFO: < 200 [] []
[2017-01-25 13:02:29] myapp.DEBUG: adding get route / [] []
[2017-01-25 13:02:29] myapp.DEBUG: $this->app->get('/', '\Itb\MainController::indexAction'); [] []
[2017-01-25 13:02:29] myapp.DEBUG: adding get route /contact [] []
[2017-01-25 13:02:29] myapp.DEBUG: $this->app->get('/contact', '\Itb\MainController::contactAction'); [] []
[2017-01-25 13:02:29] myapp.DEBUG: adding get route /hello/{name} [] []
[2017-01-25 13:02:29] myapp.DEBUG: $this->app->get('/hello/{name}', '\Itb\HelloController::nameAction'); [] []
[2017-01-25 13:02:29] myapp.DEBUG: adding get route /hello/ [] []
[2017-01-25 13:02:29] myapp.DEBUG: $this->app->get('/hello/', '\Itb\HelloController::indexAction'); [] []
[2017-01-25 13:02:29] myapp.DEBUG: adding get route /login [] []
[2017-01-25 13:02:29] myapp.DEBUG: $this->app->get('/login', '\Itb\LoginController::loginAction'); [] []
[2017-01-25 13:02:29] myapp.INFO: Matched route "n/a". {"route_parameters":{"_controller":"[object] (Closure: {})","_route":null,"url":"/hello/"},"request_uri":"http://localhost:8888/hello"} []
[2017-01-25 13:02:29] myapp.INFO: > GET /hello [] []
[2017-01-25 13:02:29] myapp.INFO: < 301 /hello/ [] []
[2017-01-25 13:02:29] myapp.DEBUG: adding get route / [] []
[2017-01-25 13:02:29] myapp.DEBUG: $this->app->get('/', '\Itb\MainController::indexAction'); [] []
[2017-01-25 13:02:29] myapp.DEBUG: adding get route /contact [] []
[2017-01-25 13:02:29] myapp.DEBUG: $this->app->get('/contact', '\Itb\MainController::contactAction'); [] []
[2017-01-25 13:02:29] myapp.DEBUG: adding get route /hello/{name} [] []
[2017-01-25 13:02:29] myapp.DEBUG: $this->app->get('/hello/{name}', '\Itb\HelloController::nameAction'); [] []
[2017-01-25 13:02:29] myapp.DEBUG: adding get route /hello/ [] []
[2017-01-25 13:02:29] myapp.DEBUG: $this->app->get('/hello/', '\Itb\HelloController::indexAction'); [] []
[2017-01-25 13:02:29] myapp.DEBUG: adding get route /login [] []
[2017-01-25 13:02:29] myapp.DEBUG: $this->app->get('/login', '\Itb\LoginController::loginAction'); [] []
[2017-01-25 13:02:29] myapp.INFO: Matched route "GET_hello_". {"route_parameters":{"_controller":"\\Itb\\HelloController::indexAction","_route":"GET_hello_"},"request_uri":"http://localhost:8888/hello/"} []
[2017-01-25 13:02:29] myapp.INFO: > GET /hello/ [] []
[2017-01-25 13:02:29] myapp.INFO: < 200 [] []
[2017-01-25 13:02:31] myapp.DEBUG: adding get route / [] []
[2017-01-25 13:02:31] myapp.DEBUG: $this->app->get('/', '\Itb\MainController::indexAction'); [] []
[2017-01-25 13:02:31] myapp.DEBUG: adding get route /contact [] []
[2017-01-25 13:02:31] myapp.DEBUG: $this->app->get('/contact', '\Itb\MainController::contactAction'); [] []
[2017-01-25 13:02:31] myapp.DEBUG: adding get route /hello/{name} [] []
[2017-01-25 13:02:31] myapp.DEBUG: $this->app->get('/hello/{name}', '\Itb\HelloController::nameAction'); [] []
[2017-01-25 13:02:31] myapp.DEBUG: adding get route /hello/ [] []
[2017-01-25 13:02:31] myapp.DEBUG: $this->app->get('/hello/', '\Itb\HelloController::indexAction'); [] []
[2017-01-25 13:02:31] myapp.DEBUG: adding get route /login [] []
[2017-01-25 13:02:31] myapp.DEBUG: $this->app->get('/login', '\Itb\LoginController::loginAction'); [] []
[2017-01-25 13:02:31] myapp.INFO: Matched route "GET_hello_name". {"route_parameters":{"_controller":"\\Itb\\HelloController::nameAction","name":"sdf","_route":"GET_hello_name"},"request_uri":"http://localhost:8888/hello/sdf"} []
[2017-01-25 13:02:31] myapp.INFO: > GET /hello/sdf [] []
[2017-01-25 13:02:31] myapp.INFO: < 200 [] []
[2017-01-25 13:23:27] myapp.INFO: Matched route "GET_". {"route_parameters":{"_controller":"Itb\\MainController::indexAction","_route":"GET_"},"request_uri":"http://localhost:8888/"} []
[2017-01-25 13:23:27] myapp.INFO: > GET / [] []
[2017-01-25 13:23:27] myapp.INFO: < 200 [] []
[2017-01-25 13:23:29] myapp.INFO: Matched route "n/a". {"route_parameters":{"_controller":"[object] (Closure: {})","_route":null,"url":"/matt/"},"request_uri":"http://localhost:8888/matt"} []
[2017-01-25 13:23:29] myapp.INFO: > GET /matt [] []
[2017-01-25 13:23:29] myapp.INFO: < 301 /matt/ [] []
[2017-01-25 13:23:30] myapp.INFO: Matched route "GET_matt_". {"route_parameters":{"_controller":"matt.controller:indexAction","_route":"GET_matt_"},"request_uri":"http://localhost:8888/matt/"} []
[2017-01-25 13:23:30] myapp.INFO: > GET /matt/ [] []
[2017-01-25 13:23:30] myapp.INFO: < 200 [] []
[2017-01-25 13:23:31] myapp.INFO: Matched route "GET_matt_name". {"route_parameters":{"_controller":"matt.controller:nameAction","name":"dsfg","_route":"GET_matt_name"},"request_uri":"http://localhost:8888/matt/dsfg"} []
[2017-01-25 13:23:31] myapp.INFO: > GET /matt/dsfg [] []
[2017-01-25 13:23:31] myapp.INFO: < 200 [] []
[2017-02-03 16:13:11] myapp.INFO: Matched route "GET_". {"route_parameters":{"_controller":"Itb\\MainController::indexAction","_route":"GET_"},"request_uri":"http://localhost:8888/"} []
[2017-02-03 16:13:11] myapp.INFO: > GET / [] []
[2017-02-03 16:13:12] myapp.INFO: < 200 [] []
[2017-02-03 16:13:15] myapp.INFO: Matched route "GET_matt_". {"route_parameters":{"_controller":"matt.controller:indexAction","_route":"GET_matt_"},"request_uri":"http://localhost:8888/matt/?p=matt&p=matt%2F"} []
[2017-02-03 16:13:15] myapp.INFO: > GET /matt/?p=matt [] []
[2017-02-03 16:13:15] myapp.INFO: < 200 [] []
[2017-02-03 16:13:18] myapp.INFO: Matched route "GET_matt_name". {"route_parameters":{"_controller":"matt.controller:nameAction","name":"name","_route":"GET_matt_name"},"request_uri":"http://localhost:8888/matt/name?p=matt%2Fname"} []
[2017-02-03 16:13:18] myapp.INFO: > GET /matt/name [] []
[2017-02-03 16:13:18] myapp.INFO: < 200 [] []
